2024-06-10 13:05:12,694.nutrition_producer.INFO ==================================================
2024-06-10 13:05:12,694.nutrition_producer.INFO Today is 2024-06-10 at 01:05 PM
2024-06-10 13:05:12,694.nutrition_producer.INFO Running on: nt Windows 10
2024-06-10 13:05:12,694.nutrition_producer.INFO Python version:  3.11.9
2024-06-10 13:05:12,695.nutrition_producer.INFO Python path: C:\Program Files\WindowsApps\PythonSoftwareFoundation.Python.3.11_3.11.2544.0_x64__qbz5n2kfra8p0
2024-06-10 13:05:12,695.nutrition_producer.INFO Working dir: C:\Users\bambe\OneDrive\Documents\NMSU\44671_StreamingData\Module_7\44671_streaming-07-final-project
2024-06-10 13:05:12,695.nutrition_producer.INFO ==================================================
2024-06-10 13:05:12,706.nutrition_producer.INFO Queue 'nutrition_data' declared.
2024-06-10 13:05:12,720.nutrition_producer.INFO  [x] Sent 'Date: 1/1/2023, Protein: 187.7, Carbohydrates: 304.3, Fat: 62.7, Sodium: 2673.7, Fiber: 35.9' to queue 'nutrition_data'.
2024-06-10 13:05:13,722.nutrition_producer.INFO  [x] Sent 'Date: 1/2/2023, Protein: 180.5, Carbohydrates: 324.1, Fat: 64.1, Sodium: 1589.4, Fiber: 34.7' to queue 'nutrition_data'.
2024-06-10 13:05:14,725.nutrition_producer.INFO  [x] Sent 'Date: 1/3/2023, Protein: 180.9, Carbohydrates: 320.7, Fat: 65.2, Sodium: 2093.0, Fiber: 30.4' to queue 'nutrition_data'.
2024-06-10 13:05:15,727.nutrition_producer.INFO  [x] Sent 'Date: 1/4/2023, Protein: 182.0, Carbohydrates: 314.2, Fat: 67.7, Sodium: 3299.5, Fiber: 30.3' to queue 'nutrition_data'.
2024-06-10 13:05:16,729.nutrition_producer.INFO  [x] Sent 'Date: 1/5/2023, Protein: 183.3, Carbohydrates: 343.6, Fat: 68.4, Sodium: 3102.4, Fiber: 31.8' to queue 'nutrition_data'.
2024-06-10 13:05:17,733.nutrition_producer.INFO  [x] Sent 'Date: 1/6/2023, Protein: 125.7, Carbohydrates: 226.7, Fat: 53.9, Sodium: 1983.5, Fiber: 24.2' to queue 'nutrition_data'.
2024-06-10 13:05:18,736.nutrition_producer.INFO  [x] Sent 'Date: 1/7/2023, Protein: 182.9, Carbohydrates: 312.2, Fat: 63.5, Sodium: 3153.3, Fiber: 30.7' to queue 'nutrition_data'.
2024-06-10 13:05:19,739.nutrition_producer.INFO  [x] Sent 'Date: 1/8/2023, Protein: 178.6, Carbohydrates: 316.1, Fat: 67.5, Sodium: 2453.9, Fiber: 26.6' to queue 'nutrition_data'.
2024-06-10 13:05:20,741.nutrition_producer.INFO  [x] Sent 'Date: 1/9/2023, Protein: 182.0, Carbohydrates: 350.4, Fat: 63.0, Sodium: 1786.6, Fiber: 32.8' to queue 'nutrition_data'.
2024-06-10 13:05:21,742.nutrition_producer.INFO  [x] Sent 'Date: 1/10/2023, Protein: 178.2, Carbohydrates: 319.5, Fat: 73.9, Sodium: 2909.8, Fiber: 33.0' to queue 'nutrition_data'.
2024-06-10 13:05:22,744.nutrition_producer.INFO  [x] Sent 'Date: 1/11/2023, Protein: 157.1, Carbohydrates: 327.2, Fat: 60.4, Sodium: 2819.7, Fiber: 31.4' to queue 'nutrition_data'.
2024-06-10 13:05:23,746.nutrition_producer.INFO  [x] Sent 'Date: 1/12/2023, Protein: 179.4, Carbohydrates: 323.6, Fat: 61.4, Sodium: 2709.2, Fiber: 30.7' to queue 'nutrition_data'.
2024-06-10 13:05:24,751.nutrition_producer.INFO  [x] Sent 'Date: 1/13/2023, Protein: 180.3, Carbohydrates: 350.3, Fat: 63.9, Sodium: 2502.9, Fiber: 30.2' to queue 'nutrition_data'.
2024-06-10 13:05:25,752.nutrition_producer.INFO  [x] Sent 'Date: 1/14/2023, Protein: 176.9, Carbohydrates: 315.4, Fat: 74.6, Sodium: 2596.4, Fiber: 50.6' to queue 'nutrition_data'.
2024-06-10 13:05:26,754.nutrition_producer.INFO  [x] Sent 'Date: 1/15/2023, Protein: 117.3, Carbohydrates: 194.5, Fat: 37.9, Sodium: 2236.4, Fiber: 27.3' to queue 'nutrition_data'.
2024-06-10 13:05:27,756.nutrition_producer.INFO  [x] Sent 'Date: 1/16/2023, Protein: 154.8, Carbohydrates: 311.1, Fat: 62.7, Sodium: 2249.4, Fiber: 42.0' to queue 'nutrition_data'.
2024-06-10 13:05:28,759.nutrition_producer.INFO  [x] Sent 'Date: 1/17/2023, Protein: 180.3, Carbohydrates: 324.9, Fat: 65.4, Sodium: 2369.6, Fiber: 44.0' to queue 'nutrition_data'.
2024-06-10 13:05:29,765.nutrition_producer.INFO  [x] Sent 'Date: 1/18/2023, Protein: 174.9, Carbohydrates: 360.8, Fat: 64.3, Sodium: 2880.8, Fiber: 30.9' to queue 'nutrition_data'.
2024-06-10 13:05:30,768.nutrition_producer.INFO  [x] Sent 'Date: 1/19/2023, Protein: 137.4, Carbohydrates: 296.3, Fat: 53.1, Sodium: 2174.8, Fiber: 27.6' to queue 'nutrition_data'.
2024-06-10 13:05:31,771.nutrition_producer.INFO  [x] Sent 'Date: 1/20/2023, Protein: 160.2, Carbohydrates: 328.5, Fat: 94.4, Sodium: 2747.4, Fiber: 27.8' to queue 'nutrition_data'.
2024-06-10 13:05:32,773.nutrition_producer.INFO  [x] Sent 'Date: 1/21/2023, Protein: 164.5, Carbohydrates: 379.4, Fat: 63.7, Sodium: 4771.2, Fiber: 38.8' to queue 'nutrition_data'.
2024-06-10 13:05:33,776.nutrition_producer.INFO  [x] Sent 'Date: 1/22/2023, Protein: 164.9, Carbohydrates: 369.1, Fat: 65.0, Sodium: 3824.4, Fiber: 31.5' to queue 'nutrition_data'.
2024-06-10 13:05:34,779.nutrition_producer.INFO  [x] Sent 'Date: 1/23/2023, Protein: 164.8, Carbohydrates: 373.7, Fat: 64.8, Sodium: 3795.1, Fiber: 37.1' to queue 'nutrition_data'.
2024-06-10 13:05:35,782.nutrition_producer.INFO  [x] Sent 'Date: 1/24/2023, Protein: 164.4, Carbohydrates: 375.7, Fat: 63.9, Sodium: 4094.4, Fiber: 30.9' to queue 'nutrition_data'.
2024-06-10 13:05:36,786.nutrition_producer.INFO  [x] Sent 'Date: 1/25/2023, Protein: 164.4, Carbohydrates: 375.7, Fat: 63.9, Sodium: 4094.4, Fiber: 30.9' to queue 'nutrition_data'.
2024-06-10 13:05:37,788.nutrition_producer.INFO  [x] Sent 'Date: 1/26/2023, Protein: 165.0, Carbohydrates: 374.6, Fat: 64.1, Sodium: 4596.1, Fiber: 35.2' to queue 'nutrition_data'.
2024-06-10 13:05:38,790.nutrition_producer.INFO  [x] Sent 'Date: 1/27/2023, Protein: 164.7, Carbohydrates: 374.8, Fat: 65.5, Sodium: 4120.1, Fiber: 44.8' to queue 'nutrition_data'.
2024-06-10 13:05:39,793.nutrition_producer.INFO  [x] Sent 'Date: 1/28/2023, Protein: 165.5, Carbohydrates: 369.1, Fat: 65.4, Sodium: 4682.1, Fiber: 42.9' to queue 'nutrition_data'.
2024-06-10 13:05:40,795.nutrition_producer.INFO  [x] Sent 'Date: 1/29/2023, Protein: 165.7, Carbohydrates: 375.7, Fat: 64.1, Sodium: 2152.4, Fiber: 42.8' to queue 'nutrition_data'.
2024-06-10 13:05:41,799.nutrition_producer.INFO  [x] Sent 'Date: 1/30/2023, Protein: 164.3, Carbohydrates: 375.2, Fat: 67.6, Sodium: 3604.1, Fiber: 38.4' to queue 'nutrition_data'.
2024-06-10 13:05:42,802.nutrition_producer.INFO  [x] Sent 'Date: 1/31/2023, Protein: 164.3, Carbohydrates: 375.2, Fat: 67.6, Sodium: 3604.1, Fiber: 38.4' to queue 'nutrition_data'.
2024-06-10 13:05:43,805.nutrition_producer.INFO  [x] Sent 'Date: 2/1/2023, Protein: 164.8, Carbohydrates: 374.7, Fat: 64.5, Sodium: 4175.3, Fiber: 36.3' to queue 'nutrition_data'.
2024-06-10 13:05:44,807.nutrition_producer.INFO  [x] Sent 'Date: 2/2/2023, Protein: 164.7, Carbohydrates: 393.6, Fat: 67.1, Sodium: 4856.8, Fiber: 31.3' to queue 'nutrition_data'.
2024-06-10 13:05:45,810.nutrition_producer.INFO  [x] Sent 'Date: 2/3/2023, Protein: 166.5, Carbohydrates: 395.0, Fat: 63.1, Sodium: 3759.2, Fiber: 34.1' to queue 'nutrition_data'.
2024-06-10 13:05:46,813.nutrition_producer.INFO  [x] Sent 'Date: 2/4/2023, Protein: 161.0, Carbohydrates: 396.7, Fat: 68.9, Sodium: 4620.7, Fiber: 41.0' to queue 'nutrition_data'.
2024-06-10 13:05:47,818.nutrition_producer.INFO  [x] Sent 'Date: 2/5/2023, Protein: 165.3, Carbohydrates: 395.8, Fat: 66.4, Sodium: 4395.8, Fiber: 27.8' to queue 'nutrition_data'.
2024-06-10 13:05:48,821.nutrition_producer.INFO  [x] Sent 'Date: 2/6/2023, Protein: 163.7, Carbohydrates: 394.0, Fat: 64.9, Sodium: 3889.9, Fiber: 35.0' to queue 'nutrition_data'.
2024-06-10 13:05:49,823.nutrition_producer.INFO  [x] Sent 'Date: 2/7/2023, Protein: 164.9, Carbohydrates: 395.3, Fat: 65.5, Sodium: 3575.2, Fiber: 33.2' to queue 'nutrition_data'.
2024-06-10 13:05:50,827.nutrition_producer.INFO  [x] Sent 'Date: 2/8/2023, Protein: 160.3, Carbohydrates: 394.9, Fat: 66.7, Sodium: 4453.6, Fiber: 32.5' to queue 'nutrition_data'.
2024-06-10 13:05:51,829.nutrition_producer.INFO  [x] Sent 'Date: 2/9/2023, Protein: 145.1, Carbohydrates: 404.0, Fat: 70.2, Sodium: 3825.3, Fiber: 46.2' to queue 'nutrition_data'.
2024-06-10 13:05:52,831.nutrition_producer.INFO  [x] Sent 'Date: 2/10/2023, Protein: 153.7, Carbohydrates: 382.1, Fat: 66.4, Sodium: 4330.8, Fiber: 28.9' to queue 'nutrition_data'.
2024-06-10 13:05:53,834.nutrition_producer.INFO  [x] Sent 'Date: 2/11/2023, Protein: 123.6, Carbohydrates: 266.1, Fat: 31.4, Sodium: 2652.4, Fiber: 34.0' to queue 'nutrition_data'.
2024-06-10 13:05:54,836.nutrition_producer.INFO  [x] Sent 'Date: 2/12/2023, Protein: 163.7, Carbohydrates: 395.4, Fat: 65.8, Sodium: 4062.3, Fiber: 28.4' to queue 'nutrition_data'.
2024-06-10 13:05:55,838.nutrition_producer.INFO  [x] Sent 'Date: 2/13/2023, Protein: 163.9, Carbohydrates: 394.9, Fat: 64.4, Sodium: 5063.6, Fiber: 44.4' to queue 'nutrition_data'.
2024-06-10 13:05:56,840.nutrition_producer.INFO  [x] Sent 'Date: 2/14/2023, Protein: 164.7, Carbohydrates: 396.0, Fat: 60.5, Sodium: 4913.0, Fiber: 47.5' to queue 'nutrition_data'.
2024-06-10 13:05:57,843.nutrition_producer.INFO  [x] Sent 'Date: 2/15/2023, Protein: 165.9, Carbohydrates: 391.9, Fat: 65.6, Sodium: 3935.2, Fiber: 30.5' to queue 'nutrition_data'.
2024-06-10 13:05:58,846.nutrition_producer.INFO  [x] Sent 'Date: 2/16/2023, Protein: 165.3, Carbohydrates: 396.0, Fat: 66.6, Sodium: 4395.0, Fiber: 34.7' to queue 'nutrition_data'.
2024-06-10 13:05:59,849.nutrition_producer.INFO  [x] Sent 'Date: 2/17/2023, Protein: 164.3, Carbohydrates: 412.4, Fat: 64.2, Sodium: 3645.1, Fiber: 33.8' to queue 'nutrition_data'.
2024-06-10 13:06:00,850.nutrition_producer.INFO  [x] Sent 'Date: 2/18/2023, Protein: 165.8, Carbohydrates: 403.8, Fat: 64.8, Sodium: 5335.5, Fiber: 55.2' to queue 'nutrition_data'.
2024-06-10 13:06:01,852.nutrition_producer.INFO  [x] Sent 'Date: 2/19/2023, Protein: 164.9, Carbohydrates: 409.5, Fat: 65.3, Sodium: 4915.3, Fiber: 24.7' to queue 'nutrition_data'.
2024-06-10 13:06:02,853.nutrition_producer.INFO  [x] Sent 'Date: 2/20/2023, Protein: 164.0, Carbohydrates: 411.9, Fat: 65.7, Sodium: 5258.6, Fiber: 40.4' to queue 'nutrition_data'.
2024-06-10 13:06:03,855.nutrition_producer.INFO  [x] Sent 'Date: 2/21/2023, Protein: 166.0, Carbohydrates: 405.0, Fat: 68.9, Sodium: 3312.4, Fiber: 48.7' to queue 'nutrition_data'.
2024-06-10 13:06:04,859.nutrition_producer.INFO  [x] Sent 'Date: 2/22/2023, Protein: 163.9, Carbohydrates: 409.4, Fat: 69.5, Sodium: 3390.5, Fiber: 50.4' to queue 'nutrition_data'.
2024-06-10 13:06:05,861.nutrition_producer.INFO  [x] Sent 'Date: 2/23/2023, Protein: 164.8, Carbohydrates: 409.3, Fat: 67.3, Sodium: 3511.3, Fiber: 48.7' to queue 'nutrition_data'.
2024-06-10 13:06:06,864.nutrition_producer.INFO  [x] Sent 'Date: 2/24/2023, Protein: 164.9, Carbohydrates: 410.2, Fat: 66.5, Sodium: 4453.4, Fiber: 37.7' to queue 'nutrition_data'.
2024-06-10 13:06:07,867.nutrition_producer.INFO  [x] Sent 'Date: 2/25/2023, Protein: 165.0, Carbohydrates: 410.3, Fat: 65.6, Sodium: 4158.5, Fiber: 47.3' to queue 'nutrition_data'.
2024-06-10 13:06:08,870.nutrition_producer.INFO  [x] Sent 'Date: 2/26/2023, Protein: 164.6, Carbohydrates: 411.1, Fat: 66.1, Sodium: 4486.2, Fiber: 46.0' to queue 'nutrition_data'.
2024-06-10 13:06:09,871.nutrition_producer.INFO  [x] Sent 'Date: 2/27/2023, Protein: 165.2, Carbohydrates: 413.7, Fat: 65.8, Sodium: 4142.9, Fiber: 40.8' to queue 'nutrition_data'.
2024-06-10 13:06:10,873.nutrition_producer.INFO  [x] Sent 'Date: 2/28/2023, Protein: 163.7, Carbohydrates: 422.9, Fat: 86.8, Sodium: 4769.4, Fiber: 35.7' to queue 'nutrition_data'.
2024-06-10 13:06:11,875.nutrition_producer.INFO  [x] Sent 'Date: 3/1/2023, Protein: 165.5, Carbohydrates: 334.6, Fat: 65.3, Sodium: 4071.0, Fiber: 31.7' to queue 'nutrition_data'.
2024-06-10 13:06:12,879.nutrition_producer.INFO  [x] Sent 'Date: 3/2/2023, Protein: 164.8, Carbohydrates: 410.9, Fat: 64.8, Sodium: 4258.8, Fiber: 35.7' to queue 'nutrition_data'.
2024-06-10 13:06:13,881.nutrition_producer.INFO  [x] Sent 'Date: 3/3/2023, Protein: 164.7, Carbohydrates: 410.1, Fat: 66.8, Sodium: 4011.1, Fiber: 28.7' to queue 'nutrition_data'.
2024-06-10 13:06:14,883.nutrition_producer.INFO  [x] Sent 'Date: 3/4/2023, Protein: 166.8, Carbohydrates: 410.4, Fat: 73.2, Sodium: 4379.8, Fiber: 46.1' to queue 'nutrition_data'.
2024-06-10 13:06:15,885.nutrition_producer.INFO  [x] Sent 'Date: 3/5/2023, Protein: 164.5, Carbohydrates: 411.5, Fat: 70.3, Sodium: 4687.5, Fiber: 36.9' to queue 'nutrition_data'.
2024-06-10 13:06:16,887.nutrition_producer.INFO  [x] Sent 'Date: 3/6/2023, Protein: 165.3, Carbohydrates: 417.0, Fat: 66.1, Sodium: 4646.4, Fiber: 42.1' to queue 'nutrition_data'.
2024-06-10 13:06:17,888.nutrition_producer.INFO  [x] Sent 'Date: 3/7/2023, Protein: 164.4, Carbohydrates: 409.9, Fat: 64.1, Sodium: 4187.5, Fiber: 33.2' to queue 'nutrition_data'.
2024-06-10 13:06:18,891.nutrition_producer.INFO  [x] Sent 'Date: 3/8/2023, Protein: 167.1, Carbohydrates: 407.2, Fat: 62.9, Sodium: 3502.8, Fiber: 35.0' to queue 'nutrition_data'.
2024-06-10 13:06:19,892.nutrition_producer.INFO  [x] Sent 'Date: 3/9/2023, Protein: 164.9, Carbohydrates: 305.1, Fat: 61.0, Sodium: 3337.2, Fiber: 24.7' to queue 'nutrition_data'.
2024-06-10 13:06:20,894.nutrition_producer.INFO  [x] Sent 'Date: 3/10/2023, Protein: 165.8, Carbohydrates: 410.6, Fat: 64.0, Sodium: 3647.6, Fiber: 30.8' to queue 'nutrition_data'.
2024-06-10 13:06:21,896.nutrition_producer.INFO  [x] Sent 'Date: 3/11/2023, Protein: 164.8, Carbohydrates: 411.0, Fat: 65.7, Sodium: 4167.0, Fiber: 33.5' to queue 'nutrition_data'.
2024-06-10 13:06:22,897.nutrition_producer.INFO  [x] Sent 'Date: 3/12/2023, Protein: 165.1, Carbohydrates: 408.8, Fat: 65.6, Sodium: 4194.5, Fiber: 36.1' to queue 'nutrition_data'.
2024-06-10 13:06:23,900.nutrition_producer.INFO  [x] Sent 'Date: 3/13/2023, Protein: 165.8, Carbohydrates: 293.9, Fat: 67.1, Sodium: 3337.8, Fiber: 29.7' to queue 'nutrition_data'.
2024-06-10 13:06:24,902.nutrition_producer.INFO  [x] Sent 'Date: 3/14/2023, Protein: 158.5, Carbohydrates: 409.8, Fat: 74.2, Sodium: 3845.1, Fiber: 35.0' to queue 'nutrition_data'.
2024-06-10 13:06:25,903.nutrition_producer.INFO  [x] Sent 'Date: 3/15/2023, Protein: 159.2, Carbohydrates: 310.8, Fat: 64.4, Sodium: 3368.4, Fiber: 39.5' to queue 'nutrition_data'.
2024-06-10 13:06:26,906.nutrition_producer.INFO  [x] Sent 'Date: 3/16/2023, Protein: 164.7, Carbohydrates: 299.9, Fat: 65.1, Sodium: 3506.9, Fiber: 24.7' to queue 'nutrition_data'.
2024-06-10 13:06:27,907.nutrition_producer.INFO  [x] Sent 'Date: 3/17/2023, Protein: 126.8, Carbohydrates: 288.8, Fat: 38.9, Sodium: 2628.4, Fiber: 39.8' to queue 'nutrition_data'.
2024-06-10 13:06:28,908.nutrition_producer.INFO  [x] Sent 'Date: 3/18/2023, Protein: 165.4, Carbohydrates: 407.2, Fat: 66.2, Sodium: 3775.8, Fiber: 33.3' to queue 'nutrition_data'.
2024-06-10 13:06:29,909.nutrition_producer.INFO  [x] Sent 'Date: 3/19/2023, Protein: 164.7, Carbohydrates: 301.0, Fat: 63.3, Sodium: 2086.5, Fiber: 45.1' to queue 'nutrition_data'.
2024-06-10 13:06:30,911.nutrition_producer.INFO  [x] Sent 'Date: 3/20/2023, Protein: 164.7, Carbohydrates: 412.8, Fat: 62.9, Sodium: 2985.9, Fiber: 33.5' to queue 'nutrition_data'.
2024-06-10 13:06:31,913.nutrition_producer.INFO  [x] Sent 'Date: 3/21/2023, Protein: 166.0, Carbohydrates: 411.3, Fat: 68.8, Sodium: 4572.3, Fiber: 44.1' to queue 'nutrition_data'.
2024-06-10 13:06:32,917.nutrition_producer.INFO  [x] Sent 'Date: 3/22/2023, Protein: 165.6, Carbohydrates: 300.1, Fat: 65.5, Sodium: 3981.0, Fiber: 30.1' to queue 'nutrition_data'.
2024-06-10 13:06:33,918.nutrition_producer.INFO  [x] Sent 'Date: 3/23/2023, Protein: 165.2, Carbohydrates: 419.6, Fat: 66.1, Sodium: 3920.2, Fiber: 32.5' to queue 'nutrition_data'.
2024-06-10 13:06:34,920.nutrition_producer.INFO  [x] Sent 'Date: 3/24/2023, Protein: 164.4, Carbohydrates: 421.7, Fat: 65.6, Sodium: 4465.1, Fiber: 31.1' to queue 'nutrition_data'.
2024-06-10 13:06:35,921.nutrition_producer.INFO  [x] Sent 'Date: 3/25/2023, Protein: 165.2, Carbohydrates: 300.2, Fat: 62.6, Sodium: 2530.7, Fiber: 24.3' to queue 'nutrition_data'.
2024-06-10 13:06:36,923.nutrition_producer.INFO  [x] Sent 'Date: 3/26/2023, Protein: 164.5, Carbohydrates: 416.3, Fat: 66.9, Sodium: 3582.7, Fiber: 30.1' to queue 'nutrition_data'.
2024-06-10 13:06:37,927.nutrition_producer.INFO  [x] Sent 'Date: 3/27/2023, Protein: 166.5, Carbohydrates: 426.0, Fat: 70.5, Sodium: 3352.0, Fiber: 34.0' to queue 'nutrition_data'.
2024-06-10 13:06:38,930.nutrition_producer.INFO  [x] Sent 'Date: 3/28/2023, Protein: 164.9, Carbohydrates: 303.4, Fat: 63.7, Sodium: 3914.7, Fiber: 34.8' to queue 'nutrition_data'.
2024-06-10 13:06:39,932.nutrition_producer.INFO  [x] Sent 'Date: 3/29/2023, Protein: 164.2, Carbohydrates: 417.8, Fat: 71.8, Sodium: 3812.3, Fiber: 47.1' to queue 'nutrition_data'.
2024-06-10 13:06:40,934.nutrition_producer.INFO  [x] Sent 'Date: 3/30/2023, Protein: 165.5, Carbohydrates: 426.2, Fat: 73.7, Sodium: 3996.4, Fiber: 44.0' to queue 'nutrition_data'.
2024-06-10 13:06:41,936.nutrition_producer.INFO  [x] Sent 'Date: 3/31/2023, Protein: 165.6, Carbohydrates: 299.1, Fat: 66.9, Sodium: 3897.4, Fiber: 26.1' to queue 'nutrition_data'.
2024-06-10 13:06:42,937.nutrition_producer.INFO  [x] Sent 'Date: 4/1/2023, Protein: 107.3, Carbohydrates: 253.3, Fat: 38.1, Sodium: 3204.7, Fiber: 28.4' to queue 'nutrition_data'.
2024-06-10 13:06:43,939.nutrition_producer.INFO  [x] Sent 'Date: 4/2/2023, Protein: 165.8, Carbohydrates: 422.8, Fat: 64.4, Sodium: 4003.4, Fiber: 30.6' to queue 'nutrition_data'.
2024-06-10 13:06:44,941.nutrition_producer.INFO  [x] Sent 'Date: 4/3/2023, Protein: 164.4, Carbohydrates: 301.0, Fat: 64.2, Sodium: 3985.2, Fiber: 23.5' to queue 'nutrition_data'.
2024-06-10 13:06:45,944.nutrition_producer.INFO  [x] Sent 'Date: 4/4/2023, Protein: 165.2, Carbohydrates: 419.3, Fat: 66.2, Sodium: 2918.3, Fiber: 28.5' to queue 'nutrition_data'.
2024-06-10 13:06:46,946.nutrition_producer.INFO  [x] Sent 'Date: 4/5/2023, Protein: 164.3, Carbohydrates: 415.6, Fat: 64.8, Sodium: 2943.3, Fiber: 28.1' to queue 'nutrition_data'.
2024-06-10 13:06:47,949.nutrition_producer.INFO  [x] Sent 'Date: 4/6/2023, Protein: 164.5, Carbohydrates: 301.4, Fat: 63.7, Sodium: 3035.5, Fiber: 20.2' to queue 'nutrition_data'.
2024-06-10 13:06:48,951.nutrition_producer.INFO  [x] Sent 'Date: 4/7/2023, Protein: 165.3, Carbohydrates: 421.2, Fat: 66.3, Sodium: 4309.9, Fiber: 28.2' to queue 'nutrition_data'.
2024-06-10 13:06:49,954.nutrition_producer.INFO  [x] Sent 'Date: 4/8/2023, Protein: 162.6, Carbohydrates: 306.5, Fat: 65.2, Sodium: 4282.6, Fiber: 23.2' to queue 'nutrition_data'.
2024-06-10 13:06:50,957.nutrition_producer.INFO  [x] Sent 'Date: 4/9/2023, Protein: 165.3, Carbohydrates: 420.5, Fat: 64.9, Sodium: 4501.0, Fiber: 24.4' to queue 'nutrition_data'.
2024-06-10 13:06:51,959.nutrition_producer.INFO  [x] Sent 'Date: 4/10/2023, Protein: 167.9, Carbohydrates: 425.8, Fat: 68.6, Sodium: 3986.9, Fiber: 31.6' to queue 'nutrition_data'.
2024-06-10 13:06:52,961.nutrition_producer.INFO  [x] Sent 'Date: 4/11/2023, Protein: 166.7, Carbohydrates: 299.2, Fat: 66.6, Sodium: 2225.4, Fiber: 24.1' to queue 'nutrition_data'.
2024-06-10 13:06:53,962.nutrition_producer.INFO  [x] Sent 'Date: 4/12/2023, Protein: 166.2, Carbohydrates: 418.9, Fat: 68.8, Sodium: 3948.9, Fiber: 30.9' to queue 'nutrition_data'.
2024-06-10 13:06:54,964.nutrition_producer.INFO  [x] Sent 'Date: 4/13/2023, Protein: 163.7, Carbohydrates: 421.2, Fat: 68.6, Sodium: 4256.9, Fiber: 36.4' to queue 'nutrition_data'.
2024-06-10 13:06:55,966.nutrition_producer.INFO  [x] Sent 'Date: 4/14/2023, Protein: 164.6, Carbohydrates: 299.8, Fat: 63.3, Sodium: 4169.2, Fiber: 28.3' to queue 'nutrition_data'.
2024-06-10 13:06:56,968.nutrition_producer.INFO  [x] Sent 'Date: 4/15/2023, Protein: 165.1, Carbohydrates: 299.8, Fat: 66.7, Sodium: 3741.8, Fiber: 36.4' to queue 'nutrition_data'.
2024-06-10 13:06:57,970.nutrition_producer.INFO  [x] Sent 'Date: 4/16/2023, Protein: 165.1, Carbohydrates: 415.9, Fat: 62.4, Sodium: 3404.1, Fiber: 38.0' to queue 'nutrition_data'.
2024-06-10 13:06:58,972.nutrition_producer.INFO  [x] Sent 'Date: 4/17/2023, Protein: 166.4, Carbohydrates: 421.2, Fat: 64.7, Sodium: 3450.1, Fiber: 48.6' to queue 'nutrition_data'.
2024-06-10 13:06:59,974.nutrition_producer.INFO  [x] Sent 'Date: 4/18/2023, Protein: 168.0, Carbohydrates: 299.2, Fat: 63.0, Sodium: 3662.5, Fiber: 26.7' to queue 'nutrition_data'.
2024-06-10 13:07:00,977.nutrition_producer.INFO  [x] Sent 'Date: 4/19/2023, Protein: 164.6, Carbohydrates: 414.4, Fat: 65.6, Sodium: 3401.6, Fiber: 49.8' to queue 'nutrition_data'.
2024-06-10 13:07:01,979.nutrition_producer.INFO  [x] Sent 'Date: 4/20/2023, Protein: 165.8, Carbohydrates: 422.9, Fat: 63.5, Sodium: 3907.2, Fiber: 28.1' to queue 'nutrition_data'.
2024-06-10 13:07:02,980.nutrition_producer.INFO  [x] Sent 'Date: 4/21/2023, Protein: 163.6, Carbohydrates: 302.1, Fat: 66.3, Sodium: 3528.4, Fiber: 23.6' to queue 'nutrition_data'.
2024-06-10 13:07:03,983.nutrition_producer.INFO  [x] Sent 'Date: 4/22/2023, Protein: 103.5, Carbohydrates: 264.4, Fat: 28.6, Sodium: 2975.7, Fiber: 21.1' to queue 'nutrition_data'.
2024-06-10 13:07:04,985.nutrition_producer.INFO  [x] Sent 'Date: 4/23/2023, Protein: 144.9, Carbohydrates: 198.6, Fat: 44.3, Sodium: 2641.1, Fiber: 22.0' to queue 'nutrition_data'.
2024-06-10 13:07:05,987.nutrition_producer.INFO  [x] Sent 'Date: 4/24/2023, Protein: 164.9, Carbohydrates: 419.8, Fat: 65.1, Sodium: 3534.1, Fiber: 31.5' to queue 'nutrition_data'.
2024-06-10 13:07:06,989.nutrition_producer.INFO  [x] Sent 'Date: 4/25/2023, Protein: 165.1, Carbohydrates: 420.0, Fat: 65.6, Sodium: 3602.9, Fiber: 31.4' to queue 'nutrition_data'.
2024-06-10 13:07:07,991.nutrition_producer.INFO  [x] Sent 'Date: 4/26/2023, Protein: 166.4, Carbohydrates: 288.1, Fat: 69.6, Sodium: 4247.1, Fiber: 24.4' to queue 'nutrition_data'.
2024-06-10 13:07:08,994.nutrition_producer.INFO  [x] Sent 'Date: 4/27/2023, Protein: 164.7, Carbohydrates: 420.0, Fat: 67.8, Sodium: 4683.5, Fiber: 34.9' to queue 'nutrition_data'.
2024-06-10 13:07:09,997.nutrition_producer.INFO  [x] Sent 'Date: 4/28/2023, Protein: 154.0, Carbohydrates: 261.6, Fat: 61.7, Sodium: 1844.0, Fiber: 35.4' to queue 'nutrition_data'.
2024-06-10 13:07:10,998.nutrition_producer.INFO  [x] Sent 'Date: 4/29/2023, Protein: 172.0, Carbohydrates: 410.0, Fat: 71.5, Sodium: 3996.5, Fiber: 39.3' to queue 'nutrition_data'.
2024-06-10 13:07:12,001.nutrition_producer.INFO  [x] Sent 'Date: 4/30/2023, Protein: 162.2, Carbohydrates: 424.2, Fat: 63.1, Sodium: 4445.2, Fiber: 45.1' to queue 'nutrition_data'.
2024-06-10 13:07:13,003.nutrition_producer.INFO  [x] Sent 'Date: 5/1/2023, Protein: 166.4, Carbohydrates: 303.8, Fat: 66.6, Sodium: 3469.1, Fiber: 30.3' to queue 'nutrition_data'.
2024-06-10 13:07:14,005.nutrition_producer.INFO  [x] Sent 'Date: 5/2/2023, Protein: 159.9, Carbohydrates: 414.3, Fat: 77.2, Sodium: 4472.2, Fiber: 35.2' to queue 'nutrition_data'.
2024-06-10 13:07:15,007.nutrition_producer.INFO  [x] Sent 'Date: 5/3/2023, Protein: 164.2, Carbohydrates: 418.8, Fat: 71.6, Sodium: 3890.6, Fiber: 35.4' to queue 'nutrition_data'.
2024-06-10 13:07:16,009.nutrition_producer.INFO  [x] Sent 'Date: 5/4/2023, Protein: 154.8, Carbohydrates: 295.8, Fat: 68.1, Sodium: 3234.6, Fiber: 33.3' to queue 'nutrition_data'.
2024-06-10 13:07:17,011.nutrition_producer.INFO  [x] Sent 'Date: 5/5/2023, Protein: 129.0, Carbohydrates: 173.2, Fat: 90.3, Sodium: 3228.0, Fiber: 34.9' to queue 'nutrition_data'.
2024-06-10 13:07:18,013.nutrition_producer.INFO  [x] Sent 'Date: 5/6/2023, Protein: 164.3, Carbohydrates: 373.6, Fat: 96.3, Sodium: 4933.4, Fiber: 50.5' to queue 'nutrition_data'.
2024-06-10 13:07:19,014.nutrition_producer.INFO  [x] Sent 'Date: 5/7/2023, Protein: 89.1, Carbohydrates: 281.7, Fat: 80.8, Sodium: 2624.9, Fiber: 39.7' to queue 'nutrition_data'.
2024-06-10 13:07:20,016.nutrition_producer.INFO  [x] Sent 'Date: 5/8/2023, Protein: 163.9, Carbohydrates: 417.1, Fat: 68.7, Sodium: 4733.0, Fiber: 37.1' to queue 'nutrition_data'.
2024-06-10 13:07:21,017.nutrition_producer.INFO  [x] Sent 'Date: 5/9/2023, Protein: 164.2, Carbohydrates: 300.5, Fat: 65.0, Sodium: 3013.3, Fiber: 24.8' to queue 'nutrition_data'.
2024-06-10 13:07:22,019.nutrition_producer.INFO  [x] Sent 'Date: 5/10/2023, Protein: 116.2, Carbohydrates: 161.4, Fat: 41.5, Sodium: 1502.3, Fiber: 21.0' to queue 'nutrition_data'.
2024-06-10 13:07:23,021.nutrition_producer.INFO  [x] Sent 'Date: 5/11/2023, Protein: 98.7, Carbohydrates: 166.2, Fat: 48.4, Sodium: 1811.8, Fiber: 17.8' to queue 'nutrition_data'.
2024-06-10 13:07:24,025.nutrition_producer.INFO  [x] Sent 'Date: 5/12/2023, Protein: 165.2, Carbohydrates: 419.5, Fat: 67.7, Sodium: 4803.0, Fiber: 35.9' to queue 'nutrition_data'.
2024-06-10 13:07:25,027.nutrition_producer.INFO  [x] Sent 'Date: 5/13/2023, Protein: 136.6, Carbohydrates: 337.3, Fat: 56.7, Sodium: 3635.6, Fiber: 30.9' to queue 'nutrition_data'.
2024-06-10 13:07:26,028.nutrition_producer.INFO  [x] Sent 'Date: 5/14/2023, Protein: 148.3, Carbohydrates: 233.9, Fat: 42.1, Sodium: 2425.1, Fiber: 22.0' to queue 'nutrition_data'.
2024-06-10 13:07:27,032.nutrition_producer.INFO  [x] Sent 'Date: 5/15/2023, Protein: 166.3, Carbohydrates: 419.7, Fat: 70.7, Sodium: 4339.7, Fiber: 35.8' to queue 'nutrition_data'.
2024-06-10 13:07:28,034.nutrition_producer.INFO  [x] Sent 'Date: 5/16/2023, Protein: 166.3, Carbohydrates: 419.7, Fat: 70.7, Sodium: 4339.7, Fiber: 35.8' to queue 'nutrition_data'.
2024-06-10 13:07:29,036.nutrition_producer.INFO  [x] Sent 'Date: 5/17/2023, Protein: 164.9, Carbohydrates: 300.2, Fat: 65.6, Sodium: 2876.7, Fiber: 26.5' to queue 'nutrition_data'.
2024-06-10 13:07:30,038.nutrition_producer.INFO  [x] Sent 'Date: 5/18/2023, Protein: 164.2, Carbohydrates: 419.9, Fat: 70.3, Sodium: 3843.1, Fiber: 34.0' to queue 'nutrition_data'.
2024-06-10 13:07:31,040.nutrition_producer.INFO  [x] Sent 'Date: 5/19/2023, Protein: 145.0, Carbohydrates: 398.1, Fat: 70.3, Sodium: 3743.4, Fiber: 34.0' to queue 'nutrition_data'.
2024-06-10 13:07:32,043.nutrition_producer.INFO  [x] Sent 'Date: 5/20/2023, Protein: 147.5, Carbohydrates: 252.9, Fat: 51.2, Sodium: 2180.3, Fiber: 26.7' to queue 'nutrition_data'.
2024-06-10 13:07:33,044.nutrition_producer.INFO  [x] Sent 'Date: 5/21/2023, Protein: 159.1, Carbohydrates: 421.5, Fat: 69.7, Sodium: 3819.8, Fiber: 35.4' to queue 'nutrition_data'.
2024-06-10 13:07:34,047.nutrition_producer.INFO  [x] Sent 'Date: 5/22/2023, Protein: 158.1, Carbohydrates: 392.3, Fat: 67.3, Sodium: 3624.1, Fiber: 30.1' to queue 'nutrition_data'.
2024-06-10 13:07:35,049.nutrition_producer.INFO  [x] Sent 'Date: 5/23/2023, Protein: 164.7, Carbohydrates: 301.0, Fat: 73.0, Sodium: 2669.7, Fiber: 22.4' to queue 'nutrition_data'.
2024-06-10 13:07:36,053.nutrition_producer.INFO  [x] Sent 'Date: 5/24/2023, Protein: 161.8, Carbohydrates: 299.1, Fat: 66.4, Sodium: 4199.1, Fiber: 27.3' to queue 'nutrition_data'.
2024-06-10 13:07:37,055.nutrition_producer.INFO  [x] Sent 'Date: 5/25/2023, Protein: 164.5, Carbohydrates: 420.0, Fat: 67.0, Sodium: 4677.4, Fiber: 29.3' to queue 'nutrition_data'.
2024-06-10 13:07:38,057.nutrition_producer.INFO  [x] Sent 'Date: 5/26/2023, Protein: 163.3, Carbohydrates: 419.4, Fat: 65.7, Sodium: 4545.2, Fiber: 25.2' to queue 'nutrition_data'.
2024-06-10 13:07:39,061.nutrition_producer.INFO  [x] Sent 'Date: 5/27/2023, Protein: 167.2, Carbohydrates: 294.0, Fat: 97.6, Sodium: 3157.8, Fiber: 22.8' to queue 'nutrition_data'.
2024-06-10 13:07:40,062.nutrition_producer.INFO  [x] Sent 'Date: 5/28/2023, Protein: 165.3, Carbohydrates: 398.7, Fat: 76.3, Sodium: 4335.5, Fiber: 39.1' to queue 'nutrition_data'.
2024-06-10 13:07:41,064.nutrition_producer.INFO  [x] Sent 'Date: 5/29/2023, Protein: 163.2, Carbohydrates: 418.7, Fat: 67.8, Sodium: 4939.2, Fiber: 35.7' to queue 'nutrition_data'.
2024-06-10 13:07:42,066.nutrition_producer.INFO  [x] Sent 'Date: 5/30/2023, Protein: 157.1, Carbohydrates: 358.7, Fat: 74.3, Sodium: 3498.2, Fiber: 30.9' to queue 'nutrition_data'.
2024-06-10 13:07:43,069.nutrition_producer.INFO  [x] Sent 'Date: 5/31/2023, Protein: 164.7, Carbohydrates: 422.2, Fat: 63.8, Sodium: 5354.4, Fiber: 37.6' to queue 'nutrition_data'.
2024-06-10 13:07:44,071.nutrition_producer.INFO  [x] Sent 'Date: 6/1/2023, Protein: 165.3, Carbohydrates: 366.7, Fat: 67.2, Sodium: 5406.3, Fiber: 40.9' to queue 'nutrition_data'.
2024-06-10 13:07:45,073.nutrition_producer.INFO  [x] Sent 'Date: 6/2/2023, Protein: 165.2, Carbohydrates: 371.3, Fat: 61.6, Sodium: 4272.4, Fiber: 35.5' to queue 'nutrition_data'.
2024-06-10 13:07:46,075.nutrition_producer.INFO  [x] Sent 'Date: 6/3/2023, Protein: 128.1, Carbohydrates: 261.4, Fat: 52.7, Sodium: 3111.4, Fiber: 20.6' to queue 'nutrition_data'.
2024-06-10 13:07:47,077.nutrition_producer.INFO  [x] Sent 'Date: 6/4/2023, Protein: 157.4, Carbohydrates: 359.4, Fat: 66.6, Sodium: 3578.2, Fiber: 37.0' to queue 'nutrition_data'.
2024-06-10 13:07:48,079.nutrition_producer.INFO  [x] Sent 'Date: 6/5/2023, Protein: 164.1, Carbohydrates: 365.4, Fat: 64.0, Sodium: 2386.2, Fiber: 36.6' to queue 'nutrition_data'.
2024-06-10 13:07:49,083.nutrition_producer.INFO  [x] Sent 'Date: 6/6/2023, Protein: 164.1, Carbohydrates: 363.7, Fat: 64.1, Sodium: 3161.8, Fiber: 27.9' to queue 'nutrition_data'.
2024-06-10 13:07:50,085.nutrition_producer.INFO  [x] Sent 'Date: 6/7/2023, Protein: 166.3, Carbohydrates: 363.5, Fat: 64.9, Sodium: 2978.0, Fiber: 37.8' to queue 'nutrition_data'.
2024-06-10 13:07:51,086.nutrition_producer.INFO  [x] Sent 'Date: 6/8/2023, Protein: 165.1, Carbohydrates: 370.4, Fat: 62.4, Sodium: 3222.9, Fiber: 29.4' to queue 'nutrition_data'.
2024-06-10 13:07:52,088.nutrition_producer.INFO  [x] Sent 'Date: 6/9/2023, Protein: 108.0, Carbohydrates: 153.3, Fat: 33.5, Sodium: 1812.3, Fiber: 15.7' to queue 'nutrition_data'.
2024-06-10 13:07:53,091.nutrition_producer.INFO  [x] Sent 'Date: 6/10/2023, Protein: 136.2, Carbohydrates: 293.5, Fat: 45.1, Sodium: 3677.3, Fiber: 21.4' to queue 'nutrition_data'.
2024-06-10 13:07:54,094.nutrition_producer.INFO  [x] Sent 'Date: 6/11/2023, Protein: 71.4, Carbohydrates: 233.0, Fat: 35.8, Sodium: 2598.2, Fiber: 18.4' to queue 'nutrition_data'.
2024-06-10 13:07:55,095.nutrition_producer.INFO  [x] Sent 'Date: 6/12/2023, Protein: 40.3, Carbohydrates: 117.9, Fat: 15.5, Sodium: 1009.7, Fiber: 8.8' to queue 'nutrition_data'.
2024-06-10 13:07:56,098.nutrition_producer.INFO  [x] Sent 'Date: 6/13/2023, Protein: 102.3, Carbohydrates: 214.4, Fat: 35.1, Sodium: 1548.7, Fiber: 21.0' to queue 'nutrition_data'.
2024-06-10 13:07:57,102.nutrition_producer.INFO  [x] Sent 'Date: 6/14/2023, Protein: 165.1, Carbohydrates: 367.1, Fat: 48.4, Sodium: 3099.2, Fiber: 26.3' to queue 'nutrition_data'.
2024-06-10 13:07:58,104.nutrition_producer.INFO  [x] Sent 'Date: 6/15/2023, Protein: 145.8, Carbohydrates: 272.4, Fat: 65.8, Sodium: 3058.7, Fiber: 24.5' to queue 'nutrition_data'.
2024-06-10 13:07:59,106.nutrition_producer.INFO  [x] Sent 'Date: 6/16/2023, Protein: 164.2, Carbohydrates: 366.4, Fat: 50.4, Sodium: 3142.7, Fiber: 26.5' to queue 'nutrition_data'.
2024-06-10 13:08:00,108.nutrition_producer.INFO  [x] Sent 'Date: 6/17/2023, Protein: 165.0, Carbohydrates: 356.3, Fat: 50.1, Sodium: 3488.4, Fiber: 29.7' to queue 'nutrition_data'.
2024-06-10 13:08:01,110.nutrition_producer.INFO  [x] Sent 'Date: 6/18/2023, Protein: 164.7, Carbohydrates: 367.3, Fat: 51.1, Sodium: 2398.5, Fiber: 32.0' to queue 'nutrition_data'.
2024-06-10 13:08:02,113.nutrition_producer.INFO  [x] Sent 'Date: 6/19/2023, Protein: 174.8, Carbohydrates: 360.7, Fat: 46.9, Sodium: 2526.3, Fiber: 24.1' to queue 'nutrition_data'.
2024-06-10 13:08:03,116.nutrition_producer.INFO  [x] Sent 'Date: 6/20/2023, Protein: 165.3, Carbohydrates: 357.6, Fat: 49.3, Sodium: 3145.7, Fiber: 33.0' to queue 'nutrition_data'.
2024-06-10 13:08:04,118.nutrition_producer.INFO  [x] Sent 'Date: 6/21/2023, Protein: 163.6, Carbohydrates: 351.2, Fat: 51.2, Sodium: 3219.3, Fiber: 30.0' to queue 'nutrition_data'.
2024-06-10 13:08:05,121.nutrition_producer.INFO  [x] Sent 'Date: 6/22/2023, Protein: 164.1, Carbohydrates: 315.3, Fat: 47.8, Sodium: 4272.6, Fiber: 26.8' to queue 'nutrition_data'.
2024-06-10 13:08:06,123.nutrition_producer.INFO  [x] Sent 'Date: 6/23/2023, Protein: 160.8, Carbohydrates: 315.9, Fat: 48.8, Sodium: 4159.5, Fiber: 25.9' to queue 'nutrition_data'.
2024-06-10 13:08:07,126.nutrition_producer.INFO  [x] Sent 'Date: 6/24/2023, Protein: 165.0, Carbohydrates: 315.9, Fat: 41.9, Sodium: 4273.7, Fiber: 23.9' to queue 'nutrition_data'.
2024-06-10 13:08:08,128.nutrition_producer.INFO  [x] Sent 'Date: 6/25/2023, Protein: 165.0, Carbohydrates: 315.9, Fat: 46.0, Sodium: 3384.8, Fiber: 31.2' to queue 'nutrition_data'.
2024-06-10 13:08:09,132.nutrition_producer.INFO  [x] Sent 'Date: 6/26/2023, Protein: 165.4, Carbohydrates: 316.2, Fat: 46.7, Sodium: 3304.7, Fiber: 27.8' to queue 'nutrition_data'.
2024-06-10 13:08:10,134.nutrition_producer.INFO  [x] Sent 'Date: 6/27/2023, Protein: 164.9, Carbohydrates: 314.0, Fat: 48.7, Sodium: 3501.7, Fiber: 27.8' to queue 'nutrition_data'.
2024-06-10 13:08:11,138.nutrition_producer.INFO  [x] Sent 'Date: 6/28/2023, Protein: 164.9, Carbohydrates: 317.0, Fat: 47.0, Sodium: 4130.2, Fiber: 26.6' to queue 'nutrition_data'.
2024-06-10 13:08:12,140.nutrition_producer.INFO  [x] Sent 'Date: 6/29/2023, Protein: 155.2, Carbohydrates: 275.1, Fat: 45.5, Sodium: 3967.4, Fiber: 23.0' to queue 'nutrition_data'.
2024-06-10 13:08:13,144.nutrition_producer.INFO  [x] Sent 'Date: 6/30/2023, Protein: 155.1, Carbohydrates: 284.4, Fat: 44.9, Sodium: 3702.6, Fiber: 24.4' to queue 'nutrition_data'.
2024-06-10 13:08:14,147.nutrition_producer.INFO  [x] Sent 'Date: 7/1/2023, Protein: 156.0, Carbohydrates: 287.3, Fat: 46.3, Sodium: 3168.1, Fiber: 33.7' to queue 'nutrition_data'.
2024-06-10 13:08:15,149.nutrition_producer.INFO  [x] Sent 'Date: 7/2/2023, Protein: 147.5, Carbohydrates: 311.9, Fat: 66.5, Sodium: 3692.0, Fiber: 30.8' to queue 'nutrition_data'.
2024-06-10 13:08:16,152.nutrition_producer.INFO  [x] Sent 'Date: 7/3/2023, Protein: 155.2, Carbohydrates: 281.0, Fat: 42.5, Sodium: 3197.8, Fiber: 31.0' to queue 'nutrition_data'.
2024-06-10 13:08:17,154.nutrition_producer.INFO  [x] Sent 'Date: 7/4/2023, Protein: 154.6, Carbohydrates: 278.0, Fat: 53.0, Sodium: 3477.0, Fiber: 24.0' to queue 'nutrition_data'.
2024-06-10 13:08:18,157.nutrition_producer.INFO  [x] Sent 'Date: 7/5/2023, Protein: 153.9, Carbohydrates: 279.7, Fat: 45.4, Sodium: 3892.1, Fiber: 24.5' to queue 'nutrition_data'.
2024-06-10 13:08:19,160.nutrition_producer.INFO  [x] Sent 'Date: 7/6/2023, Protein: 155.3, Carbohydrates: 274.6, Fat: 43.7, Sodium: 1704.5, Fiber: 23.2' to queue 'nutrition_data'.
2024-06-10 13:08:20,163.nutrition_producer.INFO  [x] Sent 'Date: 7/7/2023, Protein: 154.8, Carbohydrates: 273.1, Fat: 45.7, Sodium: 2992.5, Fiber: 24.0' to queue 'nutrition_data'.
2024-06-10 13:08:21,166.nutrition_producer.INFO  [x] Sent 'Date: 7/8/2023, Protein: 154.9, Carbohydrates: 275.3, Fat: 44.9, Sodium: 3516.7, Fiber: 26.8' to queue 'nutrition_data'.
2024-06-10 13:08:22,168.nutrition_producer.INFO  [x] Sent 'Date: 7/9/2023, Protein: 155.9, Carbohydrates: 277.8, Fat: 46.6, Sodium: 3935.5, Fiber: 20.9' to queue 'nutrition_data'.
2024-06-10 13:08:23,170.nutrition_producer.INFO  [x] Sent 'Date: 7/10/2023, Protein: 155.1, Carbohydrates: 274.8, Fat: 45.9, Sodium: 3596.4, Fiber: 25.9' to queue 'nutrition_data'.
2024-06-10 13:08:24,172.nutrition_producer.INFO  [x] Sent 'Date: 7/11/2023, Protein: 155.0, Carbohydrates: 274.0, Fat: 47.0, Sodium: 3875.2, Fiber: 26.7' to queue 'nutrition_data'.
2024-06-10 13:08:25,175.nutrition_producer.INFO  [x] Sent 'Date: 7/12/2023, Protein: 153.3, Carbohydrates: 277.3, Fat: 46.2, Sodium: 2728.0, Fiber: 24.5' to queue 'nutrition_data'.
2024-06-10 13:08:26,178.nutrition_producer.INFO  [x] Sent 'Date: 7/13/2023, Protein: 156.3, Carbohydrates: 203.5, Fat: 48.5, Sodium: 3384.6, Fiber: 25.0' to queue 'nutrition_data'.
2024-06-10 13:08:27,179.nutrition_producer.INFO  [x] Sent 'Date: 7/14/2023, Protein: 152.3, Carbohydrates: 276.4, Fat: 49.6, Sodium: 2937.4, Fiber: 29.2' to queue 'nutrition_data'.
2024-06-10 13:08:28,182.nutrition_producer.INFO  [x] Sent 'Date: 7/15/2023, Protein: 154.9, Carbohydrates: 276.8, Fat: 43.3, Sodium: 3739.1, Fiber: 25.4' to queue 'nutrition_data'.
2024-06-10 13:08:29,184.nutrition_producer.INFO  [x] Sent 'Date: 7/16/2023, Protein: 155.1, Carbohydrates: 197.1, Fat: 45.1, Sodium: 2354.2, Fiber: 25.2' to queue 'nutrition_data'.
2024-06-10 13:08:30,186.nutrition_producer.INFO  [x] Sent 'Date: 7/17/2023, Protein: 155.0, Carbohydrates: 274.9, Fat: 45.5, Sodium: 3785.9, Fiber: 22.9' to queue 'nutrition_data'.
2024-06-10 13:08:31,189.nutrition_producer.INFO  [x] Sent 'Date: 7/18/2023, Protein: 154.0, Carbohydrates: 282.4, Fat: 43.8, Sodium: 3079.7, Fiber: 23.6' to queue 'nutrition_data'.
2024-06-10 13:08:32,191.nutrition_producer.INFO  [x] Sent 'Date: 7/19/2023, Protein: 155.8, Carbohydrates: 277.9, Fat: 43.9, Sodium: 3885.6, Fiber: 22.6' to queue 'nutrition_data'.
2024-06-10 13:08:33,194.nutrition_producer.INFO  [x] Sent 'Date: 7/20/2023, Protein: 156.5, Carbohydrates: 206.3, Fat: 47.5, Sodium: 3186.9, Fiber: 25.3' to queue 'nutrition_data'.
2024-06-10 13:08:34,197.nutrition_producer.INFO  [x] Sent 'Date: 7/21/2023, Protein: 155.1, Carbohydrates: 274.7, Fat: 45.5, Sodium: 3767.5, Fiber: 23.2' to queue 'nutrition_data'.
2024-06-10 13:08:35,200.nutrition_producer.INFO  [x] Sent 'Date: 7/22/2023, Protein: 156.1, Carbohydrates: 205.4, Fat: 46.2, Sodium: 1393.4, Fiber: 20.6' to queue 'nutrition_data'.
2024-06-10 13:08:36,202.nutrition_producer.INFO  [x] Sent 'Date: 7/23/2023, Protein: 92.8, Carbohydrates: 236.9, Fat: 66.9, Sodium: 3381.8, Fiber: 21.3' to queue 'nutrition_data'.
2024-06-10 13:08:37,205.nutrition_producer.INFO  [x] Sent 'Date: 7/24/2023, Protein: 155.3, Carbohydrates: 273.6, Fat: 46.0, Sodium: 2993.4, Fiber: 23.5' to queue 'nutrition_data'.
2024-06-10 13:08:38,207.nutrition_producer.INFO  [x] Sent 'Date: 7/25/2023, Protein: 155.1, Carbohydrates: 274.4, Fat: 48.5, Sodium: 3590.2, Fiber: 25.7' to queue 'nutrition_data'.
2024-06-10 13:08:39,210.nutrition_producer.INFO  [x] Sent 'Date: 7/26/2023, Protein: 154.6, Carbohydrates: 176.5, Fat: 43.8, Sodium: 2174.0, Fiber: 28.1' to queue 'nutrition_data'.
2024-06-10 13:08:40,212.nutrition_producer.INFO  [x] Sent 'Date: 7/27/2023, Protein: 155.1, Carbohydrates: 274.5, Fat: 47.1, Sodium: 4037.7, Fiber: 22.6' to queue 'nutrition_data'.
2024-06-10 13:08:41,215.nutrition_producer.INFO  [x] Sent 'Date: 7/28/2023, Protein: 159.0, Carbohydrates: 181.6, Fat: 48.8, Sodium: 2811.6, Fiber: 17.2' to queue 'nutrition_data'.
2024-06-10 13:08:42,219.nutrition_producer.INFO  [x] Sent 'Date: 7/29/2023, Protein: 150.5, Carbohydrates: 174.9, Fat: 41.8, Sodium: 2346.3, Fiber: 32.9' to queue 'nutrition_data'.
2024-06-10 13:08:43,221.nutrition_producer.INFO  [x] Sent 'Date: 7/30/2023, Protein: 118.1, Carbohydrates: 204.3, Fat: 71.9, Sodium: 2487.8, Fiber: 29.8' to queue 'nutrition_data'.
2024-06-10 13:08:44,224.nutrition_producer.INFO  [x] Sent 'Date: 7/31/2023, Protein: 155.3, Carbohydrates: 273.9, Fat: 44.9, Sodium: 3466.4, Fiber: 20.8' to queue 'nutrition_data'.
2024-06-10 13:08:45,226.nutrition_producer.INFO  [x] Sent 'Date: 8/1/2023, Protein: 146.3, Carbohydrates: 278.1, Fat: 42.7, Sodium: 3969.7, Fiber: 23.5' to queue 'nutrition_data'.
2024-06-10 13:08:46,229.nutrition_producer.INFO  [x] Sent 'Date: 8/2/2023, Protein: 130.9, Carbohydrates: 158.9, Fat: 30.5, Sodium: 3126.5, Fiber: 20.9' to queue 'nutrition_data'.
2024-06-10 13:08:47,231.nutrition_producer.INFO  [x] Sent 'Date: 8/3/2023, Protein: 154.9, Carbohydrates: 274.7, Fat: 44.4, Sodium: 3329.7, Fiber: 15.9' to queue 'nutrition_data'.
2024-06-10 13:08:48,234.nutrition_producer.INFO  [x] Sent 'Date: 8/4/2023, Protein: 139.0, Carbohydrates: 309.0, Fat: 97.5, Sodium: 2770.8, Fiber: 41.9' to queue 'nutrition_data'.
2024-06-10 13:08:49,236.nutrition_producer.INFO  [x] Sent 'Date: 8/5/2023, Protein: 116.4, Carbohydrates: 305.9, Fat: 75.6, Sodium: 4380.9, Fiber: 29.2' to queue 'nutrition_data'.
2024-06-10 13:08:50,238.nutrition_producer.INFO  [x] Sent 'Date: 8/6/2023, Protein: 98.3, Carbohydrates: 227.9, Fat: 70.2, Sodium: 2872.9, Fiber: 19.3' to queue 'nutrition_data'.
2024-06-10 13:08:51,241.nutrition_producer.INFO  [x] Sent 'Date: 8/7/2023, Protein: 151.9, Carbohydrates: 269.2, Fat: 52.8, Sodium: 2355.6, Fiber: 26.7' to queue 'nutrition_data'.
2024-06-10 13:08:52,244.nutrition_producer.INFO  [x] Sent 'Date: 8/8/2023, Protein: 155.9, Carbohydrates: 283.3, Fat: 45.6, Sodium: 4610.0, Fiber: 31.9' to queue 'nutrition_data'.
2024-06-10 13:08:53,247.nutrition_producer.INFO  [x] Sent 'Date: 8/9/2023, Protein: 155.5, Carbohydrates: 275.8, Fat: 44.0, Sodium: 4001.6, Fiber: 26.8' to queue 'nutrition_data'.
2024-06-10 13:08:54,250.nutrition_producer.INFO  [x] Sent 'Date: 8/10/2023, Protein: 138.0, Carbohydrates: 210.9, Fat: 49.9, Sodium: 1743.6, Fiber: 19.0' to queue 'nutrition_data'.
2024-06-10 13:08:55,253.nutrition_producer.INFO  [x] Sent 'Date: 8/11/2023, Protein: 155.1, Carbohydrates: 275.7, Fat: 44.4, Sodium: 4702.7, Fiber: 26.1' to queue 'nutrition_data'.
2024-06-10 13:08:56,255.nutrition_producer.INFO  [x] Sent 'Date: 8/12/2023, Protein: 154.4, Carbohydrates: 273.0, Fat: 45.7, Sodium: 4256.9, Fiber: 26.0' to queue 'nutrition_data'.
2024-06-10 13:08:57,257.nutrition_producer.INFO  [x] Sent 'Date: 8/13/2023, Protein: 155.6, Carbohydrates: 203.4, Fat: 49.1, Sodium: 2776.2, Fiber: 27.5' to queue 'nutrition_data'.
2024-06-10 13:08:58,260.nutrition_producer.INFO  [x] Sent 'Date: 8/14/2023, Protein: 158.8, Carbohydrates: 255.2, Fat: 47.6, Sodium: 4161.6, Fiber: 33.9' to queue 'nutrition_data'.
2024-06-10 13:08:59,263.nutrition_producer.INFO  [x] Sent 'Date: 8/15/2023, Protein: 146.3, Carbohydrates: 279.0, Fat: 46.0, Sodium: 3737.5, Fiber: 33.2' to queue 'nutrition_data'.
2024-06-10 13:09:00,265.nutrition_producer.INFO  [x] Sent 'Date: 8/16/2023, Protein: 159.3, Carbohydrates: 247.7, Fat: 50.7, Sodium: 2736.4, Fiber: 21.0' to queue 'nutrition_data'.
2024-06-10 13:09:01,269.nutrition_producer.INFO  [x] Sent 'Date: 8/17/2023, Protein: 157.5, Carbohydrates: 241.9, Fat: 45.7, Sodium: 4662.6, Fiber: 22.0' to queue 'nutrition_data'.
2024-06-10 13:09:02,271.nutrition_producer.INFO  [x] Sent 'Date: 8/18/2023, Protein: 141.3, Carbohydrates: 302.9, Fat: 99.2, Sodium: 4879.9, Fiber: 30.0' to queue 'nutrition_data'.
2024-06-10 13:09:03,273.nutrition_producer.INFO  [x] Sent 'Date: 8/19/2023, Protein: 145.5, Carbohydrates: 373.1, Fat: 41.7, Sodium: 4732.6, Fiber: 29.1' to queue 'nutrition_data'.
2024-06-10 13:09:04,277.nutrition_producer.INFO  [x] Sent 'Date: 8/20/2023, Protein: 154.5, Carbohydrates: 233.7, Fat: 42.5, Sodium: 3272.6, Fiber: 21.7' to queue 'nutrition_data'.
2024-06-10 13:09:05,280.nutrition_producer.INFO  [x] Sent 'Date: 8/21/2023, Protein: 155.3, Carbohydrates: 235.4, Fat: 39.7, Sodium: 4106.9, Fiber: 27.1' to queue 'nutrition_data'.
2024-06-10 13:09:06,283.nutrition_producer.INFO  [x] Sent 'Date: 8/22/2023, Protein: 157.7, Carbohydrates: 303.8, Fat: 63.5, Sodium: 4441.8, Fiber: 27.4' to queue 'nutrition_data'.
2024-06-10 13:09:07,285.nutrition_producer.INFO  [x] Sent 'Date: 8/23/2023, Protein: 155.3, Carbohydrates: 260.1, Fat: 60.2, Sodium: 4669.1, Fiber: 25.7' to queue 'nutrition_data'.
2024-06-10 13:09:08,288.nutrition_producer.INFO  [x] Sent 'Date: 8/24/2023, Protein: 160.8, Carbohydrates: 233.4, Fat: 59.9, Sodium: 2499.3, Fiber: 17.2' to queue 'nutrition_data'.
2024-06-10 13:09:09,290.nutrition_producer.INFO  [x] Sent 'Date: 8/25/2023, Protein: 138.5, Carbohydrates: 258.9, Fat: 46.1, Sodium: 4464.7, Fiber: 18.3' to queue 'nutrition_data'.
2024-06-10 13:09:10,293.nutrition_producer.INFO  [x] Sent 'Date: 8/26/2023, Protein: 147.0, Carbohydrates: 375.3, Fat: 38.5, Sodium: 3747.7, Fiber: 37.1' to queue 'nutrition_data'.
2024-06-10 13:09:11,295.nutrition_producer.INFO  [x] Sent 'Date: 8/27/2023, Protein: 140.7, Carbohydrates: 343.4, Fat: 54.6, Sodium: 4161.8, Fiber: 26.7' to queue 'nutrition_data'.
2024-06-10 13:09:12,299.nutrition_producer.INFO  [x] Sent 'Date: 8/28/2023, Protein: 154.4, Carbohydrates: 237.1, Fat: 45.3, Sodium: 3969.3, Fiber: 14.3' to queue 'nutrition_data'.
2024-06-10 13:09:13,301.nutrition_producer.INFO  [x] Sent 'Date: 8/29/2023, Protein: 156.0, Carbohydrates: 234.7, Fat: 43.7, Sodium: 3412.2, Fiber: 20.3' to queue 'nutrition_data'.
2024-06-10 13:09:14,303.nutrition_producer.INFO  [x] Sent 'Date: 8/30/2023, Protein: 141.1, Carbohydrates: 273.9, Fat: 39.6, Sodium: 4188.5, Fiber: 22.8' to queue 'nutrition_data'.
2024-06-10 13:09:15,307.nutrition_producer.INFO  [x] Sent 'Date: 8/31/2023, Protein: 154.9, Carbohydrates: 219.3, Fat: 51.4, Sodium: 2231.2, Fiber: 14.6' to queue 'nutrition_data'.
2024-06-10 13:09:16,309.nutrition_producer.INFO  [x] Sent 'Date: 9/1/2023, Protein: 146.9, Carbohydrates: 251.1, Fat: 36.8, Sodium: 3489.5, Fiber: 16.2' to queue 'nutrition_data'.
2024-06-10 13:09:17,311.nutrition_producer.INFO  [x] Sent 'Date: 9/2/2023, Protein: 118.1, Carbohydrates: 388.1, Fat: 159.0, Sodium: 5389.3, Fiber: 33.8' to queue 'nutrition_data'.
2024-06-10 13:09:18,314.nutrition_producer.INFO  [x] Sent 'Date: 9/3/2023, Protein: 142.8, Carbohydrates: 316.5, Fat: 51.5, Sodium: 2629.5, Fiber: 25.5' to queue 'nutrition_data'.
2024-06-10 13:09:19,317.nutrition_producer.INFO  [x] Sent 'Date: 9/4/2023, Protein: 153.9, Carbohydrates: 258.7, Fat: 42.3, Sodium: 4005.8, Fiber: 20.5' to queue 'nutrition_data'.
2024-06-10 13:09:20,320.nutrition_producer.INFO  [x] Sent 'Date: 9/5/2023, Protein: 149.9, Carbohydrates: 242.9, Fat: 38.3, Sodium: 3949.4, Fiber: 19.8' to queue 'nutrition_data'.
2024-06-10 13:09:21,322.nutrition_producer.INFO  [x] Sent 'Date: 9/6/2023, Protein: 159.5, Carbohydrates: 258.0, Fat: 53.1, Sodium: 2398.2, Fiber: 16.0' to queue 'nutrition_data'.
2024-06-10 13:09:22,325.nutrition_producer.INFO  [x] Sent 'Date: 9/7/2023, Protein: 125.7, Carbohydrates: 283.6, Fat: 44.9, Sodium: 5281.7, Fiber: 24.5' to queue 'nutrition_data'.
2024-06-10 13:09:23,327.nutrition_producer.INFO  [x] Sent 'Date: 9/8/2023, Protein: 164.0, Carbohydrates: 271.1, Fat: 44.9, Sodium: 5481.0, Fiber: 24.5' to queue 'nutrition_data'.
2024-06-10 13:09:24,329.nutrition_producer.INFO  [x] Sent 'Date: 9/9/2023, Protein: 156.2, Carbohydrates: 248.2, Fat: 92.4, Sodium: 2905.9, Fiber: 13.3' to queue 'nutrition_data'.
2024-06-10 13:09:25,333.nutrition_producer.INFO  [x] Sent 'Date: 9/10/2023, Protein: 138.3, Carbohydrates: 351.2, Fat: 50.5, Sodium: 4753.2, Fiber: 28.1' to queue 'nutrition_data'.
2024-06-10 13:09:26,335.nutrition_producer.INFO  [x] Sent 'Date: 9/11/2023, Protein: 165.1, Carbohydrates: 359.7, Fat: 105.8, Sodium: 4848.4, Fiber: 32.5' to queue 'nutrition_data'.
2024-06-10 13:09:27,337.nutrition_producer.INFO  [x] Sent 'Date: 9/12/2023, Protein: 141.8, Carbohydrates: 249.0, Fat: 36.0, Sodium: 2991.6, Fiber: 25.7' to queue 'nutrition_data'.
2024-06-10 13:09:28,340.nutrition_producer.INFO  [x] Sent 'Date: 9/13/2023, Protein: 218.2, Carbohydrates: 207.5, Fat: 49.0, Sodium: 2050.6, Fiber: 37.2' to queue 'nutrition_data'.
2024-06-10 13:09:29,343.nutrition_producer.INFO  [x] Sent 'Date: 9/14/2023, Protein: 101.9, Carbohydrates: 261.5, Fat: 46.0, Sodium: 4966.4, Fiber: 13.2' to queue 'nutrition_data'.
2024-06-10 13:09:30,344.nutrition_producer.INFO  [x] Sent 'Date: 9/15/2023, Protein: 146.3, Carbohydrates: 258.2, Fat: 45.7, Sodium: 2471.0, Fiber: 17.3' to queue 'nutrition_data'.
2024-06-10 13:09:31,346.nutrition_producer.INFO  [x] Sent 'Date: 9/16/2023, Protein: 139.1, Carbohydrates: 339.0, Fat: 72.8, Sodium: 4703.3, Fiber: 29.6' to queue 'nutrition_data'.
2024-06-10 13:09:32,347.nutrition_producer.INFO  [x] Sent 'Date: 9/17/2023, Protein: 98.9, Carbohydrates: 217.9, Fat: 28.3, Sodium: 3449.6, Fiber: 19.1' to queue 'nutrition_data'.
2024-06-10 13:09:33,350.nutrition_producer.INFO  [x] Sent 'Date: 9/18/2023, Protein: 156.9, Carbohydrates: 232.1, Fat: 86.7, Sodium: 2962.2, Fiber: 24.2' to queue 'nutrition_data'.
2024-06-10 13:09:34,353.nutrition_producer.INFO  [x] Sent 'Date: 9/19/2023, Protein: 110.4, Carbohydrates: 213.9, Fat: 44.4, Sodium: 2029.5, Fiber: 12.8' to queue 'nutrition_data'.
2024-06-10 13:09:35,355.nutrition_producer.INFO  [x] Sent 'Date: 9/20/2023, Protein: 181.9, Carbohydrates: 262.7, Fat: 55.6, Sodium: 3794.5, Fiber: 20.3' to queue 'nutrition_data'.
2024-06-10 13:09:36,359.nutrition_producer.INFO  [x] Sent 'Date: 9/21/2023, Protein: 97.9, Carbohydrates: 183.8, Fat: 92.5, Sodium: 996.8, Fiber: 4.5' to queue 'nutrition_data'.
2024-06-10 13:09:37,361.nutrition_producer.INFO  [x] Sent 'Date: 9/22/2023, Protein: 157.9, Carbohydrates: 297.5, Fat: 48.9, Sodium: 4585.9, Fiber: 22.9' to queue 'nutrition_data'.
2024-06-10 13:09:38,363.nutrition_producer.INFO  [x] Sent 'Date: 9/23/2023, Protein: 145.2, Carbohydrates: 315.4, Fat: 46.0, Sodium: 4541.5, Fiber: 27.2' to queue 'nutrition_data'.
2024-06-10 13:09:39,367.nutrition_producer.INFO  [x] Sent 'Date: 9/24/2023, Protein: 148.9, Carbohydrates: 340.9, Fat: 46.1, Sodium: 3315.3, Fiber: 26.2' to queue 'nutrition_data'.
2024-06-10 13:09:40,369.nutrition_producer.INFO  [x] Sent 'Date: 9/25/2023, Protein: 162.1, Carbohydrates: 331.2, Fat: 52.3, Sodium: 4564.6, Fiber: 26.0' to queue 'nutrition_data'.
2024-06-10 13:09:41,371.nutrition_producer.INFO  [x] Sent 'Date: 9/26/2023, Protein: 166.3, Carbohydrates: 304.2, Fat: 46.8, Sodium: 4652.3, Fiber: 21.8' to queue 'nutrition_data'.
2024-06-10 13:09:42,373.nutrition_producer.INFO  [x] Sent 'Date: 9/27/2023, Protein: 128.8, Carbohydrates: 261.8, Fat: 58.8, Sodium: 3215.8, Fiber: 18.3' to queue 'nutrition_data'.
2024-06-10 13:09:43,376.nutrition_producer.INFO  [x] Sent 'Date: 9/28/2023, Protein: 167.4, Carbohydrates: 291.3, Fat: 46.1, Sodium: 3858.3, Fiber: 23.2' to queue 'nutrition_data'.
2024-06-10 13:09:44,378.nutrition_producer.INFO  [x] Sent 'Date: 9/29/2023, Protein: 165.3, Carbohydrates: 274.9, Fat: 44.7, Sodium: 1866.2, Fiber: 22.2' to queue 'nutrition_data'.
2024-06-10 13:09:45,381.nutrition_producer.INFO  [x] Sent 'Date: 9/30/2023, Protein: 154.8, Carbohydrates: 359.7, Fat: 44.9, Sodium: 3629.8, Fiber: 24.3' to queue 'nutrition_data'.
2024-06-10 13:09:46,384.nutrition_producer.INFO  [x] Sent 'Date: 10/1/2023, Protein: 153.8, Carbohydrates: 361.2, Fat: 47.2, Sodium: 5097.6, Fiber: 34.0' to queue 'nutrition_data'.
2024-06-10 13:09:47,387.nutrition_producer.INFO  [x] Sent 'Date: 10/2/2023, Protein: 167.3, Carbohydrates: 310.9, Fat: 46.9, Sodium: 4295.0, Fiber: 25.1' to queue 'nutrition_data'.
2024-06-10 13:09:48,388.nutrition_producer.INFO  [x] Sent 'Date: 10/3/2023, Protein: 163.6, Carbohydrates: 305.6, Fat: 48.7, Sodium: 4847.9, Fiber: 22.6' to queue 'nutrition_data'.
2024-06-10 13:09:49,391.nutrition_producer.INFO  [x] Sent 'Date: 10/4/2023, Protein: 165.1, Carbohydrates: 307.2, Fat: 46.6, Sodium: 4454.2, Fiber: 30.0' to queue 'nutrition_data'.
2024-06-10 13:09:50,393.nutrition_producer.INFO  [x] Sent 'Date: 10/5/2023, Protein: 132.4, Carbohydrates: 271.7, Fat: 51.9, Sodium: 2117.1, Fiber: 16.6' to queue 'nutrition_data'.
2024-06-10 13:09:51,395.nutrition_producer.INFO  [x] Sent 'Date: 10/6/2023, Protein: 168.1, Carbohydrates: 297.2, Fat: 51.6, Sodium: 4419.2, Fiber: 31.0' to queue 'nutrition_data'.
2024-06-10 13:09:52,398.nutrition_producer.INFO  [x] Sent 'Date: 10/7/2023, Protein: 125.5, Carbohydrates: 331.6, Fat: 83.5, Sodium: 3905.5, Fiber: 28.7' to queue 'nutrition_data'.
2024-06-10 13:09:53,401.nutrition_producer.INFO  [x] Sent 'Date: 10/8/2023, Protein: 158.1, Carbohydrates: 313.4, Fat: 66.6, Sodium: 3658.3, Fiber: 28.8' to queue 'nutrition_data'.
2024-06-10 13:09:54,403.nutrition_producer.INFO  [x] Sent 'Date: 10/9/2023, Protein: 165.4, Carbohydrates: 325.1, Fat: 50.1, Sodium: 4303.0, Fiber: 37.4' to queue 'nutrition_data'.
2024-06-10 13:09:55,406.nutrition_producer.INFO  [x] Sent 'Date: 10/10/2023, Protein: 162.2, Carbohydrates: 293.5, Fat: 65.7, Sodium: 2719.9, Fiber: 25.0' to queue 'nutrition_data'.
2024-06-10 13:09:56,407.nutrition_producer.INFO  [x] Sent 'Date: 10/11/2023, Protein: 159.9, Carbohydrates: 293.1, Fat: 58.2, Sodium: 4523.2, Fiber: 18.3' to queue 'nutrition_data'.
2024-06-10 13:09:57,409.nutrition_producer.INFO  [x] Sent 'Date: 10/12/2023, Protein: 167.4, Carbohydrates: 352.9, Fat: 65.7, Sodium: 3330.1, Fiber: 30.1' to queue 'nutrition_data'.
2024-06-10 13:09:58,411.nutrition_producer.INFO  [x] Sent 'Date: 10/13/2023, Protein: 165.2, Carbohydrates: 325.2, Fat: 51.1, Sodium: 4907.5, Fiber: 24.9' to queue 'nutrition_data'.
2024-06-10 13:09:59,413.nutrition_producer.INFO  [x] Sent 'Date: 10/14/2023, Protein: 166.7, Carbohydrates: 324.9, Fat: 48.9, Sodium: 5272.6, Fiber: 33.3' to queue 'nutrition_data'.
2024-06-10 13:10:00,416.nutrition_producer.INFO  [x] Sent 'Date: 10/15/2023, Protein: 64.8, Carbohydrates: 154.7, Fat: 18.9, Sodium: 1190.9, Fiber: 13.5' to queue 'nutrition_data'.
2024-06-10 13:10:01,417.nutrition_producer.INFO  [x] Sent 'Date: 10/16/2023, Protein: 183.2, Carbohydrates: 324.4, Fat: 57.9, Sodium: 6063.0, Fiber: 31.3' to queue 'nutrition_data'.
2024-06-10 13:10:02,420.nutrition_producer.INFO  [x] Sent 'Date: 10/17/2023, Protein: 187.5, Carbohydrates: 366.4, Fat: 63.1, Sodium: 5414.9, Fiber: 52.3' to queue 'nutrition_data'.
2024-06-10 13:10:03,423.nutrition_producer.INFO  [x] Sent 'Date: 10/18/2023, Protein: 139.0, Carbohydrates: 327.5, Fat: 66.2, Sodium: 2668.7, Fiber: 41.3' to queue 'nutrition_data'.
2024-06-10 13:10:04,426.nutrition_producer.INFO  [x] Sent 'Date: 10/19/2023, Protein: 191.8, Carbohydrates: 345.3, Fat: 55.7, Sodium: 5283.6, Fiber: 52.3' to queue 'nutrition_data'.
2024-06-10 13:10:05,429.nutrition_producer.INFO  [x] Sent 'Date: 10/20/2023, Protein: 153.4, Carbohydrates: 341.4, Fat: 50.0, Sodium: 3723.8, Fiber: 23.8' to queue 'nutrition_data'.
2024-06-10 13:10:06,432.nutrition_producer.INFO  [x] Sent 'Date: 10/21/2023, Protein: 175.6, Carbohydrates: 321.0, Fat: 54.6, Sodium: 4254.6, Fiber: 51.0' to queue 'nutrition_data'.
2024-06-10 13:10:07,435.nutrition_producer.INFO  [x] Sent 'Date: 10/22/2023, Protein: 163.4, Carbohydrates: 282.2, Fat: 55.1, Sodium: 1928.3, Fiber: 25.4' to queue 'nutrition_data'.
2024-06-10 13:10:08,436.nutrition_producer.INFO  [x] Sent 'Date: 10/23/2023, Protein: 180.6, Carbohydrates: 317.6, Fat: 55.0, Sodium: 4940.0, Fiber: 30.2' to queue 'nutrition_data'.
2024-06-10 13:10:09,438.nutrition_producer.INFO  [x] Sent 'Date: 10/24/2023, Protein: 165.0, Carbohydrates: 321.5, Fat: 52.3, Sodium: 4947.4, Fiber: 23.0' to queue 'nutrition_data'.
2024-06-10 13:10:10,440.nutrition_producer.INFO  [x] Sent 'Date: 10/25/2023, Protein: 148.8, Carbohydrates: 297.1, Fat: 79.5, Sodium: 4133.1, Fiber: 20.1' to queue 'nutrition_data'.
2024-06-10 13:10:11,443.nutrition_producer.INFO  [x] Sent 'Date: 10/26/2023, Protein: 161.7, Carbohydrates: 328.2, Fat: 54.5, Sodium: 5070.4, Fiber: 24.6' to queue 'nutrition_data'.
2024-06-10 13:10:12,445.nutrition_producer.INFO  [x] Sent 'Date: 10/27/2023, Protein: 75.5, Carbohydrates: 187.9, Fat: 34.4, Sodium: 1552.4, Fiber: 21.9' to queue 'nutrition_data'.
2024-06-10 13:10:13,448.nutrition_producer.INFO  [x] Sent 'Date: 10/28/2023, Protein: 162.8, Carbohydrates: 325.2, Fat: 49.2, Sodium: 4496.3, Fiber: 24.7' to queue 'nutrition_data'.
2024-06-10 13:10:14,452.nutrition_producer.INFO  [x] Sent 'Date: 10/29/2023, Protein: 164.3, Carbohydrates: 324.5, Fat: 50.8, Sodium: 4425.5, Fiber: 21.3' to queue 'nutrition_data'.
2024-06-10 13:10:15,454.nutrition_producer.INFO  [x] Sent 'Date: 10/30/2023, Protein: 160.1, Carbohydrates: 318.8, Fat: 50.9, Sodium: 4818.9, Fiber: 23.4' to queue 'nutrition_data'.
2024-06-10 13:10:16,458.nutrition_producer.INFO  [x] Sent 'Date: 10/31/2023, Protein: 137.3, Carbohydrates: 295.7, Fat: 86.8, Sodium: 2542.0, Fiber: 16.8' to queue 'nutrition_data'.
2024-06-10 13:10:17,460.nutrition_producer.INFO  [x] Sent 'Date: 11/1/2023, Protein: 153.8, Carbohydrates: 322.9, Fat: 53.8, Sodium: 4852.1, Fiber: 25.5' to queue 'nutrition_data'.
2024-06-10 13:10:18,464.nutrition_producer.INFO  [x] Sent 'Date: 11/2/2023, Protein: 166.3, Carbohydrates: 323.4, Fat: 53.8, Sodium: 4917.1, Fiber: 25.5' to queue 'nutrition_data'.
2024-06-10 13:10:19,467.nutrition_producer.INFO  [x] Sent 'Date: 11/3/2023, Protein: 124.7, Carbohydrates: 290.3, Fat: 71.5, Sodium: 3450.0, Fiber: 21.2' to queue 'nutrition_data'.
2024-06-10 13:10:20,469.nutrition_producer.INFO  [x] Sent 'Date: 11/4/2023, Protein: 141.6, Carbohydrates: 365.3, Fat: 80.9, Sodium: 4593.9, Fiber: 20.9' to queue 'nutrition_data'.
2024-06-10 13:10:21,472.nutrition_producer.INFO  [x] Sent 'Date: 11/5/2023, Protein: 129.3, Carbohydrates: 328.5, Fat: 104.1, Sodium: 2500.2, Fiber: 19.1' to queue 'nutrition_data'.
2024-06-10 13:10:22,474.nutrition_producer.INFO  [x] Sent 'Date: 11/6/2023, Protein: 143.4, Carbohydrates: 323.0, Fat: 62.1, Sodium: 3056.8, Fiber: 20.6' to queue 'nutrition_data'.
2024-06-10 13:10:23,475.nutrition_producer.INFO  [x] Sent 'Date: 11/7/2023, Protein: 183.2, Carbohydrates: 361.1, Fat: 64.6, Sodium: 6188.8, Fiber: 34.5' to queue 'nutrition_data'.
2024-06-10 13:10:24,478.nutrition_producer.INFO  [x] Sent 'Date: 11/8/2023, Protein: 170.7, Carbohydrates: 340.6, Fat: 62.6, Sodium: 5933.8, Fiber: 36.5' to queue 'nutrition_data'.
2024-06-10 13:10:25,483.nutrition_producer.INFO  [x] Sent 'Date: 11/9/2023, Protein: 165.8, Carbohydrates: 323.9, Fat: 54.3, Sodium: 3871.4, Fiber: 24.6' to queue 'nutrition_data'.
2024-06-10 13:10:26,486.nutrition_producer.INFO  [x] Sent 'Date: 11/10/2023, Protein: 165.8, Carbohydrates: 322.0, Fat: 54.3, Sodium: 5186.4, Fiber: 24.6' to queue 'nutrition_data'.
2024-06-10 13:10:27,488.nutrition_producer.INFO  [x] Sent 'Date: 11/11/2023, Protein: 155.6, Carbohydrates: 325.4, Fat: 57.4, Sodium: 4417.8, Fiber: 26.8' to queue 'nutrition_data'.
2024-06-10 13:10:28,490.nutrition_producer.INFO  [x] Sent 'Date: 11/12/2023, Protein: 163.1, Carbohydrates: 298.9, Fat: 56.8, Sodium: 3121.2, Fiber: 33.8' to queue 'nutrition_data'.
2024-06-10 13:10:29,492.nutrition_producer.INFO  [x] Sent 'Date: 11/13/2023, Protein: 149.5, Carbohydrates: 310.4, Fat: 47.1, Sodium: 3445.2, Fiber: 17.5' to queue 'nutrition_data'.
2024-06-10 13:10:30,493.nutrition_producer.INFO  [x] Sent 'Date: 11/14/2023, Protein: 164.5, Carbohydrates: 320.1, Fat: 53.8, Sodium: 4839.7, Fiber: 20.9' to queue 'nutrition_data'.
2024-06-10 13:10:31,495.nutrition_producer.INFO  [x] Sent 'Date: 11/15/2023, Protein: 166.2, Carbohydrates: 326.8, Fat: 58.8, Sodium: 5722.9, Fiber: 31.0' to queue 'nutrition_data'.
2024-06-10 13:10:32,497.nutrition_producer.INFO  [x] Sent 'Date: 11/17/2023, Protein: 86.6, Carbohydrates: 151.7, Fat: 30.1, Sodium: 1787.6, Fiber: 9.4' to queue 'nutrition_data'.
2024-06-10 13:10:33,498.nutrition_producer.INFO  [x] Sent 'Date: 11/18/2023, Protein: 105.3, Carbohydrates: 181.5, Fat: 38.4, Sodium: 1400.0, Fiber: 26.9' to queue 'nutrition_data'.
2024-06-10 13:10:34,499.nutrition_producer.INFO  [x] Sent 'Date: 11/19/2023, Protein: 136.2, Carbohydrates: 298.5, Fat: 60.5, Sodium: 1940.1, Fiber: 17.2' to queue 'nutrition_data'.
2024-06-10 13:10:35,502.nutrition_producer.INFO  [x] Sent 'Date: 11/20/2023, Protein: 165.5, Carbohydrates: 287.8, Fat: 57.4, Sodium: 2906.9, Fiber: 27.2' to queue 'nutrition_data'.
2024-06-10 13:10:36,504.nutrition_producer.INFO  [x] Sent 'Date: 11/21/2023, Protein: 171.3, Carbohydrates: 327.8, Fat: 66.2, Sodium: 4393.2, Fiber: 23.3' to queue 'nutrition_data'.
2024-06-10 13:10:37,507.nutrition_producer.INFO  [x] Sent 'Date: 11/22/2023, Protein: 139.0, Carbohydrates: 280.9, Fat: 67.4, Sodium: 1829.9, Fiber: 22.4' to queue 'nutrition_data'.
2024-06-10 13:10:38,511.nutrition_producer.INFO  [x] Sent 'Date: 11/23/2023, Protein: 137.0, Carbohydrates: 343.8, Fat: 55.0, Sodium: 4323.2, Fiber: 24.5' to queue 'nutrition_data'.
2024-06-10 13:10:39,512.nutrition_producer.INFO  [x] Sent 'Date: 11/24/2023, Protein: 167.0, Carbohydrates: 339.2, Fat: 59.5, Sodium: 3223.2, Fiber: 24.0' to queue 'nutrition_data'.
2024-06-10 13:10:40,516.nutrition_producer.INFO  [x] Sent 'Date: 11/25/2023, Protein: 156.8, Carbohydrates: 321.2, Fat: 65.5, Sodium: 4629.7, Fiber: 28.1' to queue 'nutrition_data'.
2024-06-10 13:10:41,520.nutrition_producer.INFO  [x] Sent 'Date: 11/26/2023, Protein: 163.4, Carbohydrates: 337.5, Fat: 54.8, Sodium: 4465.4, Fiber: 23.5' to queue 'nutrition_data'.
2024-06-10 13:10:42,522.nutrition_producer.INFO  [x] Sent 'Date: 11/27/2023, Protein: 86.3, Carbohydrates: 314.0, Fat: 91.5, Sodium: 2412.4, Fiber: 21.4' to queue 'nutrition_data'.
2024-06-10 13:10:43,524.nutrition_producer.INFO  [x] Sent 'Date: 11/28/2023, Protein: 159.9, Carbohydrates: 313.3, Fat: 65.4, Sodium: 4527.3, Fiber: 25.1' to queue 'nutrition_data'.
2024-06-10 13:10:44,528.nutrition_producer.INFO  [x] Sent 'Date: 11/29/2023, Protein: 164.7, Carbohydrates: 360.0, Fat: 50.0, Sodium: 4747.5, Fiber: 24.0' to queue 'nutrition_data'.
2024-06-10 13:10:45,531.nutrition_producer.INFO  [x] Sent 'Date: 11/30/2023, Protein: 168.2, Carbohydrates: 348.7, Fat: 54.5, Sodium: 3348.8, Fiber: 25.8' to queue 'nutrition_data'.
2024-06-10 13:10:46,534.nutrition_producer.INFO  [x] Sent 'Date: 12/1/2023, Protein: 155.6, Carbohydrates: 328.0, Fat: 67.3, Sodium: 4931.8, Fiber: 26.3' to queue 'nutrition_data'.
2024-06-10 13:10:47,537.nutrition_producer.INFO  [x] Sent 'Date: 12/2/2023, Protein: 166.0, Carbohydrates: 346.8, Fat: 61.3, Sodium: 4481.5, Fiber: 26.2' to queue 'nutrition_data'.
2024-06-10 13:10:48,539.nutrition_producer.INFO  [x] Sent 'Date: 12/3/2023, Protein: 177.1, Carbohydrates: 314.6, Fat: 54.6, Sodium: 3188.9, Fiber: 18.9' to queue 'nutrition_data'.
2024-06-10 13:10:49,541.nutrition_producer.INFO  [x] Sent 'Date: 12/4/2023, Protein: 167.6, Carbohydrates: 391.7, Fat: 66.1, Sodium: 4501.4, Fiber: 24.4' to queue 'nutrition_data'.
2024-06-10 13:10:50,543.nutrition_producer.INFO  [x] Sent 'Date: 12/5/2023, Protein: 137.4, Carbohydrates: 371.9, Fat: 69.8, Sodium: 3013.5, Fiber: 20.0' to queue 'nutrition_data'.
2024-06-10 13:10:51,547.nutrition_producer.INFO  [x] Sent 'Date: 12/6/2023, Protein: 171.5, Carbohydrates: 358.9, Fat: 63.8, Sodium: 5154.1, Fiber: 37.0' to queue 'nutrition_data'.
2024-06-10 13:10:52,550.nutrition_producer.INFO  [x] Sent 'Date: 12/7/2023, Protein: 164.5, Carbohydrates: 353.7, Fat: 56.4, Sodium: 5073.2, Fiber: 25.6' to queue 'nutrition_data'.
2024-06-10 13:10:53,552.nutrition_producer.INFO  [x] Sent 'Date: 12/8/2023, Protein: 157.4, Carbohydrates: 347.5, Fat: 59.7, Sodium: 3891.4, Fiber: 25.6' to queue 'nutrition_data'.
2024-06-10 13:10:54,555.nutrition_producer.INFO  [x] Sent 'Date: 12/9/2023, Protein: 166.4, Carbohydrates: 350.6, Fat: 60.5, Sodium: 5190.7, Fiber: 35.2' to queue 'nutrition_data'.
2024-06-10 13:10:55,557.nutrition_producer.INFO  [x] Sent 'Date: 12/10/2023, Protein: 161.2, Carbohydrates: 352.4, Fat: 58.2, Sodium: 4938.1, Fiber: 55.3' to queue 'nutrition_data'.
2024-06-10 13:10:56,560.nutrition_producer.INFO  [x] Sent 'Date: 12/11/2023, Protein: 162.2, Carbohydrates: 295.6, Fat: 80.4, Sodium: 2886.8, Fiber: 18.0' to queue 'nutrition_data'.
2024-06-10 13:10:57,564.nutrition_producer.INFO  [x] Sent 'Date: 12/12/2023, Protein: 171.1, Carbohydrates: 354.5, Fat: 72.1, Sodium: 4961.8, Fiber: 32.7' to queue 'nutrition_data'.
2024-06-10 13:10:58,567.nutrition_producer.INFO  [x] Sent 'Date: 12/13/2023, Protein: 148.0, Carbohydrates: 347.4, Fat: 50.3, Sodium: 4657.2, Fiber: 39.9' to queue 'nutrition_data'.
2024-06-10 13:10:59,568.nutrition_producer.INFO  [x] Sent 'Date: 12/14/2023, Protein: 135.2, Carbohydrates: 298.6, Fat: 64.9, Sodium: 2806.8, Fiber: 19.0' to queue 'nutrition_data'.
2024-06-10 13:11:00,572.nutrition_producer.INFO  [x] Sent 'Date: 12/15/2023, Protein: 169.8, Carbohydrates: 354.8, Fat: 54.5, Sodium: 3552.5, Fiber: 21.4' to queue 'nutrition_data'.
2024-06-10 13:11:01,573.nutrition_producer.INFO  [x] Sent 'Date: 12/16/2023, Protein: 135.2, Carbohydrates: 247.9, Fat: 45.5, Sodium: 3658.1, Fiber: 16.1' to queue 'nutrition_data'.
2024-06-10 13:11:02,577.nutrition_producer.INFO  [x] Sent 'Date: 12/17/2023, Protein: 53.6, Carbohydrates: 139.5, Fat: 40.5, Sodium: 1100.9, Fiber: 15.6' to queue 'nutrition_data'.
2024-06-10 13:11:03,579.nutrition_producer.INFO  [x] Sent 'Date: 12/18/2023, Protein: 129.0, Carbohydrates: 255.7, Fat: 66.9, Sodium: 4040.3, Fiber: 21.9' to queue 'nutrition_data'.
2024-06-10 13:11:04,581.nutrition_producer.INFO  [x] Sent 'Date: 12/19/2023, Protein: 125.3, Carbohydrates: 347.9, Fat: 75.9, Sodium: 4750.6, Fiber: 16.6' to queue 'nutrition_data'.
2024-06-10 13:11:05,584.nutrition_producer.INFO  [x] Sent 'Date: 12/20/2023, Protein: 26.0, Carbohydrates: 168.2, Fat: 30.7, Sodium: 1292.6, Fiber: 5.1' to queue 'nutrition_data'.
2024-06-10 13:11:06,585.nutrition_producer.INFO  [x] Sent 'Date: 12/21/2023, Protein: 95.8, Carbohydrates: 272.3, Fat: 71.1, Sodium: 2496.0, Fiber: 17.1' to queue 'nutrition_data'.
2024-06-10 13:11:07,587.nutrition_producer.INFO  [x] Sent 'Date: 12/22/2023, Protein: 114.9, Carbohydrates: 279.8, Fat: 53.8, Sodium: 4293.3, Fiber: 21.2' to queue 'nutrition_data'.
2024-06-10 13:11:08,590.nutrition_producer.INFO  [x] Sent 'Date: 12/23/2023, Protein: 106.0, Carbohydrates: 163.4, Fat: 71.8, Sodium: 1722.1, Fiber: 20.9' to queue 'nutrition_data'.
2024-06-10 13:11:09,591.nutrition_producer.INFO  [x] Sent 'Date: 12/24/2023, Protein: 122.5, Carbohydrates: 271.7, Fat: 81.7, Sodium: 3769.0, Fiber: 25.2' to queue 'nutrition_data'.
2024-06-10 13:11:10,594.nutrition_producer.INFO  [x] Sent 'Date: 12/25/2023, Protein: 132.2, Carbohydrates: 384.4, Fat: 78.4, Sodium: 4112.1, Fiber: 31.7' to queue 'nutrition_data'.
2024-06-10 13:11:11,597.nutrition_producer.INFO  [x] Sent 'Date: 12/26/2023, Protein: 148.9, Carbohydrates: 323.5, Fat: 90.9, Sodium: 3094.6, Fiber: 25.5' to queue 'nutrition_data'.
2024-06-10 13:11:12,599.nutrition_producer.INFO  [x] Sent 'Date: 12/27/2023, Protein: 132.7, Carbohydrates: 386.2, Fat: 90.4, Sodium: 4595.9, Fiber: 30.0' to queue 'nutrition_data'.
2024-06-10 13:11:13,602.nutrition_producer.INFO  [x] Sent 'Date: 12/28/2023, Protein: 62.0, Carbohydrates: 191.2, Fat: 37.4, Sodium: 1261.2, Fiber: 15.0' to queue 'nutrition_data'.
2024-06-10 13:11:14,603.nutrition_producer.INFO  [x] Sent 'Date: 12/29/2023, Protein: 28.0, Carbohydrates: 56.1, Fat: 9.2, Sodium: 346.7, Fiber: 10.3' to queue 'nutrition_data'.
2024-06-10 13:11:15,605.nutrition_producer.INFO  [x] Sent 'Date: 12/30/2023, Protein: 132.8, Carbohydrates: 244.0, Fat: 54.5, Sodium: 2663.5, Fiber: 21.7' to queue 'nutrition_data'.
2024-06-10 13:11:16,608.nutrition_producer.INFO  [x] Sent 'Date: 12/31/2023, Protein: 70.3, Carbohydrates: 215.3, Fat: 37.3, Sodium: 1539.3, Fiber: 17.1' to queue 'nutrition_data'.
2024-06-10 13:11:17,610.nutrition_producer.INFO  [x] Sent 'Date: 1/1/2024, Protein: 73.2, Carbohydrates: 178.2, Fat: 45.9, Sodium: 2018.7, Fiber: 13.3' to queue 'nutrition_data'.
2024-06-10 13:11:18,612.nutrition_producer.INFO  [x] Sent 'Date: 1/2/2024, Protein: 165.3, Carbohydrates: 362.2, Fat: 60.7, Sodium: 5373.7, Fiber: 21.9' to queue 'nutrition_data'.
2024-06-10 13:11:19,616.nutrition_producer.INFO  [x] Sent 'Date: 1/3/2024, Protein: 169.2, Carbohydrates: 349.9, Fat: 65.6, Sodium: 4864.0, Fiber: 25.8' to queue 'nutrition_data'.
2024-06-10 13:11:20,619.nutrition_producer.INFO  [x] Sent 'Date: 1/4/2024, Protein: 158.7, Carbohydrates: 240.9, Fat: 79.1, Sodium: 3392.5, Fiber: 19.3' to queue 'nutrition_data'.
2024-06-10 13:11:21,621.nutrition_producer.INFO  [x] Sent 'Date: 1/5/2024, Protein: 183.1, Carbohydrates: 355.4, Fat: 67.6, Sodium: 4580.2, Fiber: 24.9' to queue 'nutrition_data'.
2024-06-10 13:11:22,624.nutrition_producer.INFO  [x] Sent 'Date: 1/6/2024, Protein: 135.4, Carbohydrates: 363.8, Fat: 60.4, Sodium: 5273.3, Fiber: 29.3' to queue 'nutrition_data'.
2024-06-10 13:11:23,627.nutrition_producer.INFO  [x] Sent 'Date: 1/7/2024, Protein: 160.8, Carbohydrates: 366.0, Fat: 57.2, Sodium: 3467.4, Fiber: 26.6' to queue 'nutrition_data'.
2024-06-10 13:11:24,629.nutrition_producer.INFO  [x] Sent 'Date: 1/8/2024, Protein: 154.5, Carbohydrates: 356.7, Fat: 67.3, Sodium: 5323.4, Fiber: 25.7' to queue 'nutrition_data'.
2024-06-10 13:11:25,632.nutrition_producer.INFO  [x] Sent 'Date: 1/9/2024, Protein: 175.0, Carbohydrates: 360.5, Fat: 57.0, Sodium: 4880.5, Fiber: 30.8' to queue 'nutrition_data'.
2024-06-10 13:11:26,634.nutrition_producer.INFO  [x] Sent 'Date: 1/10/2024, Protein: 171.1, Carbohydrates: 352.8, Fat: 82.9, Sodium: 3453.0, Fiber: 21.2' to queue 'nutrition_data'.
2024-06-10 13:11:27,639.nutrition_producer.INFO  [x] Sent 'Date: 1/11/2024, Protein: 175.6, Carbohydrates: 348.6, Fat: 61.5, Sodium: 4955.5, Fiber: 30.3' to queue 'nutrition_data'.
2024-06-10 13:11:28,641.nutrition_producer.INFO  [x] Sent 'Date: 1/12/2024, Protein: 149.6, Carbohydrates: 385.8, Fat: 59.5, Sodium: 4338.0, Fiber: 24.8' to queue 'nutrition_data'.
2024-06-10 13:11:29,644.nutrition_producer.INFO  [x] Sent 'Date: 1/13/2024, Protein: 145.6, Carbohydrates: 389.1, Fat: 56.1, Sodium: 4505.8, Fiber: 23.5' to queue 'nutrition_data'.
2024-06-10 13:11:30,647.nutrition_producer.INFO  [x] Sent 'Date: 1/14/2024, Protein: 150.5, Carbohydrates: 385.2, Fat: 63.1, Sodium: 3051.3, Fiber: 20.0' to queue 'nutrition_data'.
2024-06-10 13:11:31,650.nutrition_producer.INFO  [x] Sent 'Date: 1/15/2024, Protein: 164.2, Carbohydrates: 346.7, Fat: 68.7, Sodium: 4277.8, Fiber: 17.7' to queue 'nutrition_data'.
2024-06-10 13:11:32,652.nutrition_producer.INFO  [x] Sent 'Date: 1/16/2024, Protein: 148.1, Carbohydrates: 391.3, Fat: 63.4, Sodium: 5182.6, Fiber: 24.3' to queue 'nutrition_data'.
2024-06-10 13:11:33,655.nutrition_producer.INFO  [x] Sent 'Date: 1/17/2024, Protein: 146.5, Carbohydrates: 360.4, Fat: 77.6, Sodium: 3929.7, Fiber: 23.1' to queue 'nutrition_data'.
2024-06-10 13:11:34,658.nutrition_producer.INFO  [x] Sent 'Date: 1/18/2024, Protein: 163.2, Carbohydrates: 339.2, Fat: 81.0, Sodium: 3860.3, Fiber: 30.3' to queue 'nutrition_data'.
2024-06-10 13:11:35,661.nutrition_producer.INFO  [x] Sent 'Date: 1/19/2024, Protein: 134.0, Carbohydrates: 279.9, Fat: 77.4, Sodium: 1916.8, Fiber: 22.5' to queue 'nutrition_data'.
2024-06-10 13:11:36,665.nutrition_producer.INFO  [x] Sent 'Date: 1/20/2024, Protein: 141.7, Carbohydrates: 307.4, Fat: 44.8, Sodium: 3787.3, Fiber: 21.9' to queue 'nutrition_data'.
2024-06-10 13:11:37,667.nutrition_producer.INFO  [x] Sent 'Date: 1/21/2024, Protein: 168.0, Carbohydrates: 354.4, Fat: 63.8, Sodium: 2974.4, Fiber: 35.9' to queue 'nutrition_data'.
2024-06-10 13:11:38,669.nutrition_producer.INFO  [x] Sent 'Date: 1/22/2024, Protein: 143.8, Carbohydrates: 348.9, Fat: 56.6, Sodium: 4128.3, Fiber: 39.0' to queue 'nutrition_data'.
2024-06-10 13:11:39,671.nutrition_producer.INFO  [x] Sent 'Date: 1/23/2024, Protein: 162.5, Carbohydrates: 396.6, Fat: 66.6, Sodium: 5551.5, Fiber: 31.0' to queue 'nutrition_data'.
2024-06-10 13:11:40,673.nutrition_producer.INFO  [x] Sent 'Date: 1/24/2024, Protein: 158.6, Carbohydrates: 373.8, Fat: 77.5, Sodium: 4096.5, Fiber: 32.6' to queue 'nutrition_data'.
2024-06-10 13:11:41,677.nutrition_producer.INFO  [x] Sent 'Date: 1/25/2024, Protein: 145.9, Carbohydrates: 333.7, Fat: 65.1, Sodium: 5232.9, Fiber: 22.3' to queue 'nutrition_data'.
2024-06-10 13:11:42,681.nutrition_producer.INFO  [x] Sent 'Date: 1/26/2024, Protein: 145.0, Carbohydrates: 348.2, Fat: 61.1, Sodium: 5231.6, Fiber: 24.7' to queue 'nutrition_data'.
2024-06-10 13:11:43,684.nutrition_producer.INFO  [x] Sent 'Date: 1/27/2024, Protein: 154.1, Carbohydrates: 237.9, Fat: 54.5, Sodium: 2414.4, Fiber: 22.2' to queue 'nutrition_data'.
2024-06-10 13:11:44,685.nutrition_producer.INFO  [x] Sent 'Date: 1/28/2024, Protein: 162.9, Carbohydrates: 403.0, Fat: 66.0, Sodium: 4133.9, Fiber: 29.9' to queue 'nutrition_data'.
2024-06-10 13:11:45,689.nutrition_producer.INFO  [x] Sent 'Date: 1/29/2024, Protein: 159.8, Carbohydrates: 389.1, Fat: 72.3, Sodium: 4975.3, Fiber: 28.7' to queue 'nutrition_data'.
2024-06-10 13:11:46,690.nutrition_producer.INFO  [x] Sent 'Date: 1/30/2024, Protein: 88.1, Carbohydrates: 216.8, Fat: 33.6, Sodium: 2137.9, Fiber: 10.4' to queue 'nutrition_data'.
2024-06-10 13:11:47,692.nutrition_producer.INFO  [x] Sent 'Date: 1/31/2024, Protein: 129.5, Carbohydrates: 260.5, Fat: 65.3, Sodium: 3515.8, Fiber: 21.0' to queue 'nutrition_data'.
2024-06-10 13:11:48,694.nutrition_producer.INFO  [x] Sent 'Date: 2/1/2024, Protein: 153.0, Carbohydrates: 359.1, Fat: 69.6, Sodium: 4126.6, Fiber: 28.2' to queue 'nutrition_data'.
2024-06-10 13:11:49,698.nutrition_producer.INFO  [x] Sent 'Date: 2/2/2024, Protein: 151.9, Carbohydrates: 370.7, Fat: 68.6, Sodium: 4573.9, Fiber: 61.9' to queue 'nutrition_data'.
2024-06-10 13:11:50,701.nutrition_producer.INFO  [x] Sent 'Date: 2/3/2024, Protein: 133.7, Carbohydrates: 276.6, Fat: 59.9, Sodium: 3741.4, Fiber: 55.9' to queue 'nutrition_data'.
2024-06-10 13:11:51,703.nutrition_producer.INFO  [x] Sent 'Date: 2/4/2024, Protein: 122.8, Carbohydrates: 334.6, Fat: 93.4, Sodium: 2995.0, Fiber: 33.2' to queue 'nutrition_data'.
2024-06-10 13:11:52,706.nutrition_producer.INFO  [x] Sent 'Date: 2/5/2024, Protein: 167.0, Carbohydrates: 368.0, Fat: 69.0, Sodium: 3357.0, Fiber: 26.6' to queue 'nutrition_data'.
2024-06-10 13:11:53,708.nutrition_producer.INFO  [x] Sent 'Date: 2/6/2024, Protein: 149.0, Carbohydrates: 390.1, Fat: 76.9, Sodium: 3999.1, Fiber: 24.8' to queue 'nutrition_data'.
2024-06-10 13:11:54,710.nutrition_producer.INFO  [x] Sent 'Date: 2/7/2024, Protein: 167.9, Carbohydrates: 376.8, Fat: 68.7, Sodium: 3026.5, Fiber: 30.0' to queue 'nutrition_data'.
2024-06-10 13:11:55,713.nutrition_producer.INFO  [x] Sent 'Date: 2/8/2024, Protein: 162.8, Carbohydrates: 400.5, Fat: 71.9, Sodium: 4259.6, Fiber: 66.7' to queue 'nutrition_data'.
2024-06-10 13:11:56,715.nutrition_producer.INFO  [x] Sent 'Date: 2/9/2024, Protein: 159.3, Carbohydrates: 362.3, Fat: 81.9, Sodium: 4015.7, Fiber: 25.6' to queue 'nutrition_data'.
2024-06-10 13:11:57,719.nutrition_producer.INFO  [x] Sent 'Date: 2/10/2024, Protein: 171.2, Carbohydrates: 397.7, Fat: 63.6, Sodium: 3728.3, Fiber: 27.4' to queue 'nutrition_data'.
2024-06-10 13:11:58,721.nutrition_producer.INFO  [x] Sent 'Date: 2/11/2024, Protein: 158.2, Carbohydrates: 377.7, Fat: 70.7, Sodium: 4363.5, Fiber: 25.8' to queue 'nutrition_data'.
2024-06-10 13:11:59,724.nutrition_producer.INFO  [x] Sent 'Date: 2/12/2024, Protein: 165.8, Carbohydrates: 383.7, Fat: 73.7, Sodium: 3348.9, Fiber: 39.1' to queue 'nutrition_data'.
2024-06-10 13:12:00,728.nutrition_producer.INFO  [x] Sent 'Date: 2/13/2024, Protein: 173.0, Carbohydrates: 390.3, Fat: 73.9, Sodium: 3002.3, Fiber: 41.2' to queue 'nutrition_data'.
2024-06-10 13:12:01,730.nutrition_producer.INFO  [x] Sent 'Date: 2/14/2024, Protein: 150.0, Carbohydrates: 294.6, Fat: 55.5, Sodium: 2725.8, Fiber: 20.4' to queue 'nutrition_data'.
2024-06-10 13:12:02,733.nutrition_producer.INFO  [x] Sent 'Date: 2/15/2024, Protein: 164.4, Carbohydrates: 404.3, Fat: 68.2, Sodium: 3898.0, Fiber: 26.8' to queue 'nutrition_data'.
2024-06-10 13:12:03,737.nutrition_producer.INFO  [x] Sent 'Date: 2/16/2024, Protein: 159.8, Carbohydrates: 398.4, Fat: 68.0, Sodium: 5259.4, Fiber: 24.0' to queue 'nutrition_data'.
2024-06-10 13:12:04,739.nutrition_producer.INFO  [x] Sent 'Date: 2/17/2024, Protein: 159.1, Carbohydrates: 426.4, Fat: 59.9, Sodium: 5336.6, Fiber: 27.0' to queue 'nutrition_data'.
2024-06-10 13:12:05,741.nutrition_producer.INFO  [x] Sent 'Date: 2/18/2024, Protein: 164.8, Carbohydrates: 391.0, Fat: 70.7, Sodium: 3827.4, Fiber: 29.5' to queue 'nutrition_data'.
2024-06-10 13:12:06,744.nutrition_producer.INFO  [x] Sent 'Date: 2/19/2024, Protein: 159.7, Carbohydrates: 400.9, Fat: 66.5, Sodium: 5519.4, Fiber: 25.1' to queue 'nutrition_data'.
2024-06-10 13:12:07,749.nutrition_producer.INFO  [x] Sent 'Date: 2/20/2024, Protein: 166.1, Carbohydrates: 397.1, Fat: 62.9, Sodium: 4728.3, Fiber: 26.5' to queue 'nutrition_data'.
2024-06-10 13:12:08,752.nutrition_producer.INFO  [x] Sent 'Date: 2/21/2024, Protein: 165.3, Carbohydrates: 401.2, Fat: 66.0, Sodium: 3260.5, Fiber: 22.0' to queue 'nutrition_data'.
2024-06-10 13:12:09,755.nutrition_producer.INFO  [x] Sent 'Date: 2/22/2024, Protein: 182.8, Carbohydrates: 376.5, Fat: 79.5, Sodium: 3437.4, Fiber: 24.2' to queue 'nutrition_data'.
2024-06-10 13:12:10,757.nutrition_producer.INFO  [x] Sent 'Date: 2/23/2024, Protein: 154.7, Carbohydrates: 342.0, Fat: 68.6, Sodium: 3982.8, Fiber: 19.6' to queue 'nutrition_data'.
2024-06-10 13:12:11,759.nutrition_producer.INFO  [x] Sent 'Date: 2/24/2024, Protein: 65.2, Carbohydrates: 129.8, Fat: 16.9, Sodium: 773.8, Fiber: 19.1' to queue 'nutrition_data'.
2024-06-10 13:12:12,762.nutrition_producer.INFO  [x] Sent 'Date: 2/25/2024, Protein: 37.5, Carbohydrates: 85.3, Fat: 27.7, Sodium: 452.9, Fiber: 14.5' to queue 'nutrition_data'.
2024-06-10 13:12:13,767.nutrition_producer.INFO  [x] Sent 'Date: 2/26/2024, Protein: 122.7, Carbohydrates: 374.0, Fat: 75.4, Sodium: 3767.6, Fiber: 25.4' to queue 'nutrition_data'.
2024-06-10 13:12:14,768.nutrition_producer.INFO  [x] Sent 'Date: 2/27/2024, Protein: 175.6, Carbohydrates: 421.7, Fat: 73.2, Sodium: 5578.8, Fiber: 38.5' to queue 'nutrition_data'.
2024-06-10 13:12:15,771.nutrition_producer.INFO  [x] Sent 'Date: 2/28/2024, Protein: 151.1, Carbohydrates: 330.1, Fat: 69.5, Sodium: 3154.1, Fiber: 17.3' to queue 'nutrition_data'.
2024-06-10 13:12:16,773.nutrition_producer.INFO  [x] Sent 'Date: 2/29/2024, Protein: 175.2, Carbohydrates: 417.3, Fat: 75.7, Sodium: 5793.9, Fiber: 33.3' to queue 'nutrition_data'.
2024-06-10 13:12:17,775.nutrition_producer.INFO  [x] Sent 'Date: 3/1/2024, Protein: 153.7, Carbohydrates: 423.7, Fat: 62.8, Sodium: 4878.5, Fiber: 28.0' to queue 'nutrition_data'.
2024-06-10 13:12:18,779.nutrition_producer.INFO  [x] Sent 'Date: 3/2/2024, Protein: 175.7, Carbohydrates: 406.2, Fat: 73.8, Sodium: 4137.2, Fiber: 30.1' to queue 'nutrition_data'.
2024-06-10 13:12:19,781.nutrition_producer.INFO  [x] Sent 'Date: 3/3/2024, Protein: 95.2, Carbohydrates: 306.8, Fat: 34.0, Sodium: 3211.2, Fiber: 19.1' to queue 'nutrition_data'.
2024-06-10 13:12:20,785.nutrition_producer.INFO  [x] Sent 'Date: 3/4/2024, Protein: 166.9, Carbohydrates: 425.8, Fat: 68.0, Sodium: 5343.1, Fiber: 29.2' to queue 'nutrition_data'.
2024-06-10 13:12:21,787.nutrition_producer.INFO  [x] Sent 'Date: 3/5/2024, Protein: 57.1, Carbohydrates: 127.8, Fat: 22.3, Sodium: 865.7, Fiber: 13.6' to queue 'nutrition_data'.
2024-06-10 13:12:22,789.nutrition_producer.INFO  [x] Sent 'Date: 3/6/2024, Protein: 168.9, Carbohydrates: 414.0, Fat: 75.9, Sodium: 5243.3, Fiber: 36.2' to queue 'nutrition_data'.
2024-06-10 13:12:23,792.nutrition_producer.INFO  [x] Sent 'Date: 3/7/2024, Protein: 169.1, Carbohydrates: 410.9, Fat: 71.4, Sodium: 5427.5, Fiber: 27.2' to queue 'nutrition_data'.
2024-06-10 13:12:24,795.nutrition_producer.INFO  [x] Sent 'Date: 3/8/2024, Protein: 169.0, Carbohydrates: 419.4, Fat: 67.4, Sodium: 6164.9, Fiber: 24.7' to queue 'nutrition_data'.
2024-06-10 13:12:25,797.nutrition_producer.INFO  [x] Sent 'Date: 3/9/2024, Protein: 169.3, Carbohydrates: 437.9, Fat: 72.4, Sodium: 5358.3, Fiber: 26.9' to queue 'nutrition_data'.
2024-06-10 13:12:26,799.nutrition_producer.INFO  [x] Sent 'Date: 3/10/2024, Protein: 169.8, Carbohydrates: 379.8, Fat: 86.4, Sodium: 3649.6, Fiber: 27.4' to queue 'nutrition_data'.
2024-06-10 13:12:27,802.nutrition_producer.INFO  [x] Sent 'Date: 3/11/2024, Protein: 167.4, Carbohydrates: 407.7, Fat: 65.9, Sodium: 5757.0, Fiber: 24.8' to queue 'nutrition_data'.
2024-06-10 13:12:28,803.nutrition_producer.INFO  [x] Sent 'Date: 3/12/2024, Protein: 170.7, Carbohydrates: 424.6, Fat: 72.7, Sodium: 5833.5, Fiber: 26.1' to queue 'nutrition_data'.
2024-06-10 13:12:29,807.nutrition_producer.INFO  [x] Sent 'Date: 3/13/2024, Protein: 145.2, Carbohydrates: 396.5, Fat: 78.7, Sodium: 3779.8, Fiber: 20.1' to queue 'nutrition_data'.
2024-06-10 13:12:30,809.nutrition_producer.INFO  [x] Sent 'Date: 3/14/2024, Protein: 165.8, Carbohydrates: 425.6, Fat: 68.7, Sodium: 5343.7, Fiber: 39.9' to queue 'nutrition_data'.
2024-06-10 13:12:31,812.nutrition_producer.INFO  [x] Sent 'Date: 3/15/2024, Protein: 171.5, Carbohydrates: 427.4, Fat: 73.3, Sodium: 5426.7, Fiber: 36.9' to queue 'nutrition_data'.
2024-06-10 13:12:32,815.nutrition_producer.INFO  [x] Sent 'Date: 3/16/2024, Protein: 161.5, Carbohydrates: 348.4, Fat: 72.2, Sodium: 4327.9, Fiber: 30.5' to queue 'nutrition_data'.
2024-06-10 13:12:33,818.nutrition_producer.INFO  [x] Sent 'Date: 3/17/2024, Protein: 147.5, Carbohydrates: 410.1, Fat: 86.4, Sodium: 4660.9, Fiber: 28.0' to queue 'nutrition_data'.
2024-06-10 13:12:34,820.nutrition_producer.INFO  [x] Sent 'Date: 3/18/2024, Protein: 172.9, Carbohydrates: 417.6, Fat: 67.5, Sodium: 5973.1, Fiber: 57.5' to queue 'nutrition_data'.
2024-06-10 13:12:35,823.nutrition_producer.INFO  [x] Sent 'Date: 3/19/2024, Protein: 175.1, Carbohydrates: 376.9, Fat: 76.5, Sodium: 4761.8, Fiber: 47.0' to queue 'nutrition_data'.
2024-06-10 13:12:36,825.nutrition_producer.INFO  [x] Sent 'Date: 3/20/2024, Protein: 169.4, Carbohydrates: 412.0, Fat: 68.8, Sodium: 6516.6, Fiber: 24.4' to queue 'nutrition_data'.
2024-06-10 13:12:37,828.nutrition_producer.INFO  [x] Sent 'Date: 3/21/2024, Protein: 153.3, Carbohydrates: 341.6, Fat: 73.3, Sodium: 5126.0, Fiber: 21.6' to queue 'nutrition_data'.
2024-06-10 13:12:38,830.nutrition_producer.INFO  [x] Sent 'Date: 3/22/2024, Protein: 175.5, Carbohydrates: 382.8, Fat: 80.2, Sodium: 4531.6, Fiber: 19.9' to queue 'nutrition_data'.
2024-06-10 13:12:39,833.nutrition_producer.INFO  [x] Sent 'Date: 3/23/2024, Protein: 125.0, Carbohydrates: 495.9, Fat: 79.2, Sodium: 5921.3, Fiber: 32.6' to queue 'nutrition_data'.
2024-06-10 13:12:40,836.nutrition_producer.INFO  [x] Sent 'Date: 3/24/2024, Protein: 178.0, Carbohydrates: 471.4, Fat: 54.9, Sodium: 4721.2, Fiber: 34.5' to queue 'nutrition_data'.
2024-06-10 13:12:41,839.nutrition_producer.INFO  [x] Sent 'Date: 3/25/2024, Protein: 179.2, Carbohydrates: 446.7, Fat: 67.9, Sodium: 5481.8, Fiber: 34.8' to queue 'nutrition_data'.
2024-06-10 13:12:42,841.nutrition_producer.INFO  [x] Sent 'Date: 3/26/2024, Protein: 170.3, Carbohydrates: 430.6, Fat: 67.5, Sodium: 5062.4, Fiber: 35.8' to queue 'nutrition_data'.
2024-06-10 13:12:43,844.nutrition_producer.INFO  [x] Sent 'Date: 3/27/2024, Protein: 167.7, Carbohydrates: 432.1, Fat: 68.0, Sodium: 6241.3, Fiber: 35.1' to queue 'nutrition_data'.
2024-06-10 13:12:44,846.nutrition_producer.INFO  [x] Sent 'Date: 3/28/2024, Protein: 177.2, Carbohydrates: 419.8, Fat: 80.4, Sodium: 5874.7, Fiber: 23.4' to queue 'nutrition_data'.
2024-06-10 13:12:45,849.nutrition_producer.INFO  [x] Sent 'Date: 3/29/2024, Protein: 175.0, Carbohydrates: 441.7, Fat: 69.2, Sodium: 6042.5, Fiber: 27.0' to queue 'nutrition_data'.
2024-06-10 13:12:46,851.nutrition_producer.INFO  [x] Sent 'Date: 3/30/2024, Protein: 147.2, Carbohydrates: 355.4, Fat: 58.7, Sodium: 5159.3, Fiber: 25.0' to queue 'nutrition_data'.
2024-06-10 13:12:47,854.nutrition_producer.INFO  [x] Sent 'Date: 3/31/2024, Protein: 150.4, Carbohydrates: 372.0, Fat: 56.1, Sodium: 5741.3, Fiber: 25.9' to queue 'nutrition_data'.
2024-06-10 13:12:48,857.nutrition_producer.INFO  [x] Sent 'Date: 4/1/2024, Protein: 175.1, Carbohydrates: 422.5, Fat: 69.6, Sodium: 5388.8, Fiber: 40.2' to queue 'nutrition_data'.
2024-06-10 13:12:49,860.nutrition_producer.INFO  [x] Sent 'Date: 4/2/2024, Protein: 169.9, Carbohydrates: 361.0, Fat: 63.6, Sodium: 6305.2, Fiber: 32.1' to queue 'nutrition_data'.
2024-06-10 13:12:50,862.nutrition_producer.INFO  [x] Sent 'Date: 4/3/2024, Protein: 167.2, Carbohydrates: 409.7, Fat: 76.4, Sodium: 4608.4, Fiber: 37.2' to queue 'nutrition_data'.
2024-06-10 13:12:51,864.nutrition_producer.INFO  [x] Sent 'Date: 4/4/2024, Protein: 171.6, Carbohydrates: 422.6, Fat: 68.2, Sodium: 6814.0, Fiber: 37.0' to queue 'nutrition_data'.
2024-06-10 13:12:52,867.nutrition_producer.INFO  [x] Sent 'Date: 4/5/2024, Protein: 171.6, Carbohydrates: 422.6, Fat: 68.2, Sodium: 6814.0, Fiber: 37.0' to queue 'nutrition_data'.
2024-06-10 13:12:53,871.nutrition_producer.INFO  [x] Sent 'Date: 4/6/2024, Protein: 149.7, Carbohydrates: 372.2, Fat: 63.9, Sodium: 3376.8, Fiber: 32.9' to queue 'nutrition_data'.
2024-06-10 13:12:54,872.nutrition_producer.INFO  [x] Sent 'Date: 4/7/2024, Protein: 124.7, Carbohydrates: 445.5, Fat: 60.6, Sodium: 4178.8, Fiber: 28.7' to queue 'nutrition_data'.
2024-06-10 13:12:55,874.nutrition_producer.INFO  [x] Sent 'Date: 4/8/2024, Protein: 168.9, Carbohydrates: 422.3, Fat: 73.1, Sodium: 5764.7, Fiber: 35.8' to queue 'nutrition_data'.
2024-06-10 13:12:56,877.nutrition_producer.INFO  [x] Sent 'Date: 4/9/2024, Protein: 136.1, Carbohydrates: 336.7, Fat: 66.1, Sodium: 3173.1, Fiber: 21.5' to queue 'nutrition_data'.
2024-06-10 13:12:57,881.nutrition_producer.INFO  [x] Sent 'Date: 4/10/2024, Protein: 144.2, Carbohydrates: 394.6, Fat: 88.2, Sodium: 5708.2, Fiber: 38.0' to queue 'nutrition_data'.
2024-06-10 13:12:58,883.nutrition_producer.INFO  [x] Sent 'Date: 4/11/2024, Protein: 148.0, Carbohydrates: 344.8, Fat: 64.1, Sodium: 4749.8, Fiber: 28.4' to queue 'nutrition_data'.
2024-06-10 13:12:59,887.nutrition_producer.INFO  [x] Sent 'Date: 4/12/2024, Protein: 142.5, Carbohydrates: 367.4, Fat: 75.3, Sodium: 5309.0, Fiber: 31.9' to queue 'nutrition_data'.
2024-06-10 13:13:00,889.nutrition_producer.INFO  [x] Sent 'Date: 4/13/2024, Protein: 112.2, Carbohydrates: 350.8, Fat: 53.4, Sodium: 4618.0, Fiber: 33.2' to queue 'nutrition_data'.
2024-06-10 13:13:01,891.nutrition_producer.INFO  [x] Sent 'Date: 4/14/2024, Protein: 152.0, Carbohydrates: 291.1, Fat: 84.4, Sodium: 4113.9, Fiber: 27.1' to queue 'nutrition_data'.
2024-06-10 13:13:02,894.nutrition_producer.INFO  [x] Sent 'Date: 4/15/2024, Protein: 153.7, Carbohydrates: 391.9, Fat: 59.0, Sodium: 5399.5, Fiber: 29.9' to queue 'nutrition_data'.
2024-06-10 13:13:03,895.nutrition_producer.INFO  [x] Sent 'Date: 4/16/2024, Protein: 156.7, Carbohydrates: 402.2, Fat: 66.9, Sodium: 5652.9, Fiber: 29.2' to queue 'nutrition_data'.
2024-06-10 13:13:04,898.nutrition_producer.INFO  [x] Sent 'Date: 4/17/2024, Protein: 164.9, Carbohydrates: 342.3, Fat: 70.6, Sodium: 3394.1, Fiber: 19.5' to queue 'nutrition_data'.
2024-06-10 13:13:05,902.nutrition_producer.INFO  [x] Sent 'Date: 4/18/2024, Protein: 165.9, Carbohydrates: 373.2, Fat: 50.9, Sodium: 5531.5, Fiber: 28.1' to queue 'nutrition_data'.
2024-06-10 13:13:06,904.nutrition_producer.INFO  [x] Sent 'Date: 4/19/2024, Protein: 135.9, Carbohydrates: 372.2, Fat: 48.6, Sodium: 5246.5, Fiber: 28.1' to queue 'nutrition_data'.
2024-06-10 13:13:07,907.nutrition_producer.INFO  [x] Sent 'Date: 4/20/2024, Protein: 117.9, Carbohydrates: 278.7, Fat: 65.2, Sodium: 4988.5, Fiber: 22.9' to queue 'nutrition_data'.
2024-06-10 13:13:08,909.nutrition_producer.INFO  [x] Sent 'Date: 4/21/2024, Protein: 118.2, Carbohydrates: 226.3, Fat: 50.8, Sodium: 2983.1, Fiber: 22.4' to queue 'nutrition_data'.
2024-06-10 13:13:09,912.nutrition_producer.INFO  [x] Sent 'Date: 4/22/2024, Protein: 148.3, Carbohydrates: 358.3, Fat: 61.9, Sodium: 4379.5, Fiber: 28.6' to queue 'nutrition_data'.
2024-06-10 13:13:10,916.nutrition_producer.INFO  [x] Sent 'Date: 4/23/2024, Protein: 178.2, Carbohydrates: 373.8, Fat: 62.4, Sodium: 4795.7, Fiber: 28.7' to queue 'nutrition_data'.
2024-06-10 13:13:11,918.nutrition_producer.INFO  [x] Sent 'Date: 4/24/2024, Protein: 58.5, Carbohydrates: 192.2, Fat: 47.1, Sodium: 1394.7, Fiber: 23.1' to queue 'nutrition_data'.
2024-06-10 13:13:12,919.nutrition_producer.INFO  [x] Sent 'Date: 4/25/2024, Protein: 61.3, Carbohydrates: 112.8, Fat: 40.7, Sodium: 1418.0, Fiber: 15.7' to queue 'nutrition_data'.
2024-06-10 13:13:13,923.nutrition_producer.INFO  [x] Sent 'Date: 4/26/2024, Protein: 109.7, Carbohydrates: 157.6, Fat: 35.8, Sodium: 2658.3, Fiber: 16.5' to queue 'nutrition_data'.
2024-06-10 13:13:14,925.nutrition_producer.INFO  [x] Sent 'Date: 4/27/2024, Protein: 92.7, Carbohydrates: 178.7, Fat: 44.7, Sodium: 2233.5, Fiber: 18.3' to queue 'nutrition_data'.
2024-06-10 13:13:15,928.nutrition_producer.INFO  [x] Sent 'Date: 4/28/2024, Protein: 31.5, Carbohydrates: 99.3, Fat: 18.2, Sodium: 527.9, Fiber: 12.0' to queue 'nutrition_data'.
2024-06-10 13:13:16,931.nutrition_producer.INFO  [x] Sent 'Date: 4/29/2024, Protein: 143.3, Carbohydrates: 313.9, Fat: 57.0, Sodium: 3640.6, Fiber: 25.0' to queue 'nutrition_data'.
2024-06-10 13:13:17,933.nutrition_producer.INFO  [x] Sent 'Date: 4/30/2024, Protein: 159.8, Carbohydrates: 356.8, Fat: 69.0, Sodium: 5232.3, Fiber: 31.6' to queue 'nutrition_data'.
2024-06-10 13:13:18,935.nutrition_producer.INFO  [x] Sent 'Date: 5/1/2024, Protein: 162.8, Carbohydrates: 367.5, Fat: 71.4, Sodium: 5348.0, Fiber: 33.8' to queue 'nutrition_data'.
2024-06-10 13:13:19,937.nutrition_producer.INFO  [x] Sent 'Date: 5/2/2024, Protein: 131.3, Carbohydrates: 295.2, Fat: 66.9, Sodium: 3401.8, Fiber: 17.6' to queue 'nutrition_data'.
2024-06-10 13:13:20,941.nutrition_producer.INFO  [x] Sent 'Date: 5/3/2024, Protein: 140.0, Carbohydrates: 348.9, Fat: 52.4, Sodium: 5400.5, Fiber: 30.4' to queue 'nutrition_data'.
2024-06-10 13:13:21,943.nutrition_producer.INFO  [x] Sent 'Date: 5/4/2024, Protein: 123.6, Carbohydrates: 248.8, Fat: 43.2, Sodium: 3536.0, Fiber: 22.8' to queue 'nutrition_data'.
2024-06-10 13:13:22,947.nutrition_producer.INFO  [x] Sent 'Date: 5/5/2024, Protein: 165.3, Carbohydrates: 360.0, Fat: 63.9, Sodium: 4247.1, Fiber: 34.9' to queue 'nutrition_data'.
2024-06-10 13:13:23,951.nutrition_producer.INFO  [x] Sent 'Date: 5/6/2024, Protein: 156.1, Carbohydrates: 350.9, Fat: 50.8, Sodium: 5434.6, Fiber: 26.3' to queue 'nutrition_data'.
2024-06-10 13:13:24,953.nutrition_producer.INFO  [x] Sent 'Date: 5/7/2024, Protein: 160.2, Carbohydrates: 349.2, Fat: 51.8, Sodium: 5636.4, Fiber: 27.1' to queue 'nutrition_data'.
2024-06-10 13:13:25,956.nutrition_producer.INFO  [x] Sent 'Date: 5/8/2024, Protein: 150.8, Carbohydrates: 357.1, Fat: 56.0, Sodium: 5720.9, Fiber: 25.8' to queue 'nutrition_data'.
2024-06-10 13:13:26,958.nutrition_producer.INFO  [x] Sent 'Date: 5/9/2024, Protein: 131.3, Carbohydrates: 295.2, Fat: 65.9, Sodium: 3321.8, Fiber: 17.6' to queue 'nutrition_data'.
2024-06-10 13:13:27,962.nutrition_producer.INFO  [x] Sent 'Date: 5/10/2024, Protein: 148.4, Carbohydrates: 320.2, Fat: 54.8, Sodium: 4989.5, Fiber: 22.7' to queue 'nutrition_data'.
2024-06-10 13:13:28,965.nutrition_producer.INFO  [x] Sent 'Date: 5/11/2024, Protein: 160.2, Carbohydrates: 346.1, Fat: 61.6, Sodium: 5185.9, Fiber: 26.0' to queue 'nutrition_data'.
2024-06-10 13:13:29,969.nutrition_producer.INFO  [x] Sent 'Date: 5/12/2024, Protein: 153.7, Carbohydrates: 259.4, Fat: 79.8, Sodium: 2797.7, Fiber: 24.1' to queue 'nutrition_data'.
2024-06-10 13:13:30,971.nutrition_producer.INFO  [x] Sent 'Date: 5/13/2024, Protein: 169.3, Carbohydrates: 333.8, Fat: 51.6, Sodium: 4672.4, Fiber: 26.0' to queue 'nutrition_data'.
2024-06-10 13:13:31,974.nutrition_producer.INFO  [x] Sent 'Date: 5/14/2024, Protein: 154.9, Carbohydrates: 323.5, Fat: 55.9, Sodium: 5645.3, Fiber: 25.3' to queue 'nutrition_data'.
2024-06-10 13:13:32,978.nutrition_producer.INFO  [x] Sent 'Date: 5/15/2024, Protein: 158.7, Carbohydrates: 286.0, Fat: 51.9, Sodium: 3863.6, Fiber: 18.5' to queue 'nutrition_data'.
2024-06-10 13:13:33,983.nutrition_producer.INFO  [x] Sent 'Date: 5/16/2024, Protein: 126.5, Carbohydrates: 239.5, Fat: 56.4, Sodium: 3081.1, Fiber: 16.0' to queue 'nutrition_data'.
2024-06-10 13:13:34,987.nutrition_producer.INFO  [x] Sent 'Date: 5/17/2024, Protein: 74.2, Carbohydrates: 146.2, Fat: 36.4, Sodium: 2201.1, Fiber: 13.9' to queue 'nutrition_data'.
2024-06-10 13:13:35,989.nutrition_producer.INFO  [x] Sent 'Date: 5/18/2024, Protein: 114.7, Carbohydrates: 224.6, Fat: 43.5, Sodium: 3419.7, Fiber: 22.2' to queue 'nutrition_data'.
2024-06-10 13:13:36,993.nutrition_producer.INFO  [x] Sent 'Date: 5/19/2024, Protein: 130.1, Carbohydrates: 310.1, Fat: 95.2, Sodium: 5549.3, Fiber: 21.3' to queue 'nutrition_data'.
2024-06-10 13:13:37,995.nutrition_producer.INFO  [x] Sent 'Date: 5/20/2024, Protein: 152.9, Carbohydrates: 228.2, Fat: 56.0, Sodium: 3856.7, Fiber: 17.0' to queue 'nutrition_data'.
2024-06-10 13:13:38,999.nutrition_producer.INFO  [x] Sent 'Date: 5/21/2024, Protein: 159.6, Carbohydrates: 309.7, Fat: 54.4, Sodium: 4911.9, Fiber: 23.4' to queue 'nutrition_data'.
2024-06-10 13:13:40,002.nutrition_producer.INFO  [x] Sent 'Date: 5/22/2024, Protein: 157.1, Carbohydrates: 277.5, Fat: 62.3, Sodium: 3525.6, Fiber: 19.5' to queue 'nutrition_data'.
2024-06-10 13:13:41,004.nutrition_producer.INFO  [x] Sent 'Date: 5/23/2024, Protein: 155.2, Carbohydrates: 288.6, Fat: 51.7, Sodium: 3592.3, Fiber: 21.6' to queue 'nutrition_data'.
2024-06-10 13:13:42,006.nutrition_producer.INFO  [x] Sent 'Date: 5/24/2024, Protein: 159.5, Carbohydrates: 313.4, Fat: 53.5, Sodium: 4831.5, Fiber: 22.5' to queue 'nutrition_data'.
2024-06-10 13:13:43,008.nutrition_producer.INFO  [x] Sent 'Date: 5/25/2024, Protein: 97.7, Carbohydrates: 302.2, Fat: 50.4, Sodium: 3830.3, Fiber: 21.4' to queue 'nutrition_data'.
2024-06-10 13:13:44,011.nutrition_producer.INFO  [x] Sent 'Date: 5/26/2024, Protein: 97.9, Carbohydrates: 200.3, Fat: 58.0, Sodium: 2815.4, Fiber: 20.5' to queue 'nutrition_data'.
2024-06-10 13:13:45,013.nutrition_producer.INFO  [x] Sent 'Date: 5/27/2024, Protein: 131.5, Carbohydrates: 265.1, Fat: 52.5, Sodium: 4771.3, Fiber: 22.7' to queue 'nutrition_data'.
2024-06-10 13:13:46,016.nutrition_producer.INFO  [x] Sent 'Date: 5/28/2024, Protein: 164.8, Carbohydrates: 303.4, Fat: 58.8, Sodium: 5065.5, Fiber: 23.9' to queue 'nutrition_data'.
2024-06-10 13:13:47,019.nutrition_producer.INFO  [x] Sent 'Date: 5/29/2024, Protein: 150.9, Carbohydrates: 241.6, Fat: 57.0, Sodium: 3356.5, Fiber: 15.2' to queue 'nutrition_data'.
2024-06-10 13:13:48,021.nutrition_producer.INFO  [x] Sent 'Date: 5/30/2024, Protein: 153.1, Carbohydrates: 298.6, Fat: 66.4, Sodium: 5155.1, Fiber: 27.9' to queue 'nutrition_data'.
2024-06-10 13:13:49,023.nutrition_producer.INFO  [x] Sent 'Date: 5/31/2024, Protein: 147.5, Carbohydrates: 270.9, Fat: 55.1, Sodium: 5302.6, Fiber: 22.3' to queue 'nutrition_data'.
2024-06-10 13:13:50,025.nutrition_producer.INFO  [x] Sent 'Date: 6/1/2024, Protein: 104.2, Carbohydrates: 293.2, Fat: 72.0, Sodium: 2225.9, Fiber: 15.4' to queue 'nutrition_data'.
2024-06-10 13:13:51,028.nutrition_producer.INFO  [x] Sent 'Date: 6/2/2024, Protein: 136.5, Carbohydrates: 262.3, Fat: 37.8, Sodium: 3165.5, Fiber: 24.8' to queue 'nutrition_data'.
2024-06-10 13:13:52,031.nutrition_producer.INFO  [x] Sent 'Date: 6/3/2024, Protein: 137.7, Carbohydrates: 304.2, Fat: 44.8, Sodium: 4785.3, Fiber: 23.2' to queue 'nutrition_data'.
2024-06-10 13:13:53,032.nutrition_producer.INFO  [x] Sent 'Date: 6/4/2024, Protein: 155.1, Carbohydrates: 276.9, Fat: 52.1, Sodium: 5083.0, Fiber: 22.0' to queue 'nutrition_data'.
2024-06-10 13:13:54,034.nutrition_producer.INFO  [x] Sent 'Date: 6/5/2024, Protein: 166.8, Carbohydrates: 353.8, Fat: 68.2, Sodium: 3781.2, Fiber: 20.0' to queue 'nutrition_data'.
2024-06-10 13:13:55,036.nutrition_producer.INFO  [x] Sent 'Date: 6/6/2024, Protein: 155.1, Carbohydrates: 280.1, Fat: 50.0, Sodium: 4920.9, Fiber: 17.1' to queue 'nutrition_data'.
2024-06-10 13:13:56,040.nutrition_producer.INFO  [x] Sent 'Date: 6/7/2024, Protein: 147.8, Carbohydrates: 278.2, Fat: 44.0, Sodium: 4759.3, Fiber: 21.1' to queue 'nutrition_data'.
2024-06-10 13:13:57,043.nutrition_producer.INFO  [x] Sent 'Date: 6/8/2024, Protein: 145.0, Carbohydrates: 277.1, Fat: 55.9, Sodium: 4764.4, Fiber: 19.5' to queue 'nutrition_data'.
2024-06-10 13:13:58,046.nutrition_producer.INFO  [x] Sent 'Date: 6/9/2024, Protein: 143.8, Carbohydrates: 256.0, Fat: 92.7, Sodium: 3857.4, Fiber: 21.7' to queue 'nutrition_data'.
