2024-06-10 12:46:23,413.nutrition_consumer.INFO ==================================================
2024-06-10 12:46:23,414.nutrition_consumer.INFO Today is 2024-06-10 at 12:46 PM
2024-06-10 12:46:23,414.nutrition_consumer.INFO Running on: nt Windows 10
2024-06-10 12:46:23,414.nutrition_consumer.INFO Python version:  3.11.9
2024-06-10 12:46:23,415.nutrition_consumer.INFO Python path: C:\Program Files\WindowsApps\PythonSoftwareFoundation.Python.3.11_3.11.2544.0_x64__qbz5n2kfra8p0
2024-06-10 12:46:23,415.nutrition_consumer.INFO Working dir: C:\Users\bambe\OneDrive\Documents\NMSU\44671_StreamingData\Module_7\44671_streaming-07-final-project
2024-06-10 12:46:23,415.nutrition_consumer.INFO ==================================================
2024-06-10 12:46:23,429.nutrition_consumer.INFO Queue 'nutrition_data' declared.
2024-06-10 12:46:23,430.nutrition_consumer.INFO  [*] Waiting for messages. To exit press CTRL+C
2024-06-10 12:46:23,431.nutrition_consumer.INFO Received message: b'Date: 4/13/2023, Protein: 163.7, Carbohydrates: 421.2, Fat: 68.6, Sodium: 4256.9, Fiber: 36.4'
2024-06-10 12:46:23,432.nutrition_consumer.INFO Received message: b'Date: 4/14/2023, Protein: 164.6, Carbohydrates: 299.8, Fat: 63.3, Sodium: 4169.2, Fiber: 28.3'
2024-06-10 12:46:23,432.nutrition_consumer.INFO Received message: b'Date: 4/15/2023, Protein: 165.1, Carbohydrates: 299.8, Fat: 66.7, Sodium: 3741.8, Fiber: 36.4'
2024-06-10 12:46:24,313.nutrition_consumer.INFO Received message: b'Date: 4/16/2023, Protein: 165.1, Carbohydrates: 415.9, Fat: 62.4, Sodium: 3404.1, Fiber: 38.0'
2024-06-10 12:46:25,312.nutrition_consumer.INFO Received message: b'Date: 4/17/2023, Protein: 166.4, Carbohydrates: 421.2, Fat: 64.7, Sodium: 3450.1, Fiber: 48.6'
2024-06-10 12:46:26,315.nutrition_consumer.INFO Received message: b'Date: 4/18/2023, Protein: 168.0, Carbohydrates: 299.2, Fat: 63.0, Sodium: 3662.5, Fiber: 26.7'
2024-06-10 12:46:27,315.nutrition_consumer.INFO Received message: b'Date: 4/19/2023, Protein: 164.6, Carbohydrates: 414.4, Fat: 65.6, Sodium: 3401.6, Fiber: 49.8'
2024-06-10 12:46:28,318.nutrition_consumer.INFO Received message: b'Date: 4/20/2023, Protein: 165.8, Carbohydrates: 422.9, Fat: 63.5, Sodium: 3907.2, Fiber: 28.1'
2024-06-10 12:46:29,322.nutrition_consumer.INFO Received message: b'Date: 4/21/2023, Protein: 163.6, Carbohydrates: 302.1, Fat: 66.3, Sodium: 3528.4, Fiber: 23.6'
2024-06-10 12:46:30,324.nutrition_consumer.INFO Received message: b'Date: 4/22/2023, Protein: 103.5, Carbohydrates: 264.4, Fat: 28.6, Sodium: 2975.7, Fiber: 21.1'
2024-06-10 12:46:30,324.nutrition_consumer.WARNING Alert! Total protein for 4/22/2023 is below 120g: 103.5g
2024-06-10 12:46:31,326.nutrition_consumer.INFO Received message: b'Date: 4/23/2023, Protein: 144.9, Carbohydrates: 198.6, Fat: 44.3, Sodium: 2641.1, Fiber: 22.0'
2024-06-10 12:46:32,328.nutrition_consumer.INFO Received message: b'Date: 4/24/2023, Protein: 164.9, Carbohydrates: 419.8, Fat: 65.1, Sodium: 3534.1, Fiber: 31.5'
2024-06-10 12:46:33,331.nutrition_consumer.INFO Received message: b'Date: 4/25/2023, Protein: 165.1, Carbohydrates: 420.0, Fat: 65.6, Sodium: 3602.9, Fiber: 31.4'
2024-06-10 12:46:34,332.nutrition_consumer.INFO Received message: b'Date: 4/26/2023, Protein: 166.4, Carbohydrates: 288.1, Fat: 69.6, Sodium: 4247.1, Fiber: 24.4'
2024-06-10 12:46:35,339.nutrition_consumer.INFO Received message: b'Date: 4/27/2023, Protein: 164.7, Carbohydrates: 420.0, Fat: 67.8, Sodium: 4683.5, Fiber: 34.9'
2024-06-10 12:46:36,336.nutrition_consumer.INFO Received message: b'Date: 4/28/2023, Protein: 154.0, Carbohydrates: 261.6, Fat: 61.7, Sodium: 1844.0, Fiber: 35.4'
2024-06-10 12:46:37,340.nutrition_consumer.INFO Received message: b'Date: 4/29/2023, Protein: 172.0, Carbohydrates: 410.0, Fat: 71.5, Sodium: 3996.5, Fiber: 39.3'
2024-06-10 12:46:38,343.nutrition_consumer.INFO Received message: b'Date: 4/30/2023, Protein: 162.2, Carbohydrates: 424.2, Fat: 63.1, Sodium: 4445.2, Fiber: 45.1'
2024-06-10 12:46:39,345.nutrition_consumer.INFO Received message: b'Date: 5/1/2023, Protein: 166.4, Carbohydrates: 303.8, Fat: 66.6, Sodium: 3469.1, Fiber: 30.3'
2024-06-10 12:46:40,350.nutrition_consumer.INFO Received message: b'Date: 5/2/2023, Protein: 159.9, Carbohydrates: 414.3, Fat: 77.2, Sodium: 4472.2, Fiber: 35.2'
2024-06-10 12:46:40,351.nutrition_consumer.WARNING Alert! Total fat for 5/2/2023 is above 75g: 77.2g
2024-06-10 12:46:41,354.nutrition_consumer.INFO Received message: b'Date: 5/3/2023, Protein: 164.2, Carbohydrates: 418.8, Fat: 71.6, Sodium: 3890.6, Fiber: 35.4'
2024-06-10 12:46:42,356.nutrition_consumer.INFO Received message: b'Date: 5/4/2023, Protein: 154.8, Carbohydrates: 295.8, Fat: 68.1, Sodium: 3234.6, Fiber: 33.3'
2024-06-10 12:46:43,357.nutrition_consumer.INFO Received message: b'Date: 5/5/2023, Protein: 129.0, Carbohydrates: 173.2, Fat: 90.3, Sodium: 3228.0, Fiber: 34.9'
2024-06-10 12:46:43,359.nutrition_consumer.WARNING Alert! Total fat for 5/5/2023 is above 75g: 90.3g
2024-06-10 12:46:43,362.nutrition_consumer.INFO User interrupted. Closing connection.
